#
# There is insufficient memory for the Java Runtime Environment to continue.
# Native memory allocation (mmap) failed to map 52428800 bytes for Failed to commit area from 0x000000008b000000 to 0x000000008e200000 of length 52428800.
# Possible reasons:
#   The system is out of physical RAM or swap space
#   The process is running with CompressedOops enabled, and the Java Heap may be blocking the growth of the native heap
# Possible solutions:
#   Reduce memory load on the system
#   Increase physical memory or swap space
#   Check if swap backing store is full
#   Decrease Java heap size (-Xmx/-Xms)
#   Decrease number of Java threads
#   Decrease Java thread stack sizes (-Xss)
#   Set larger code cache with -XX:ReservedCodeCacheSize=
#   JVM is running with Unscaled Compressed Oops mode in which the Java heap is
#     placed in the first 4GB address space. The Java Heap base address is the
#     maximum limit for the native heap growth. Please use -XX:HeapBaseMinAddress
#     to set the Java Heap base and to place the Java Heap above 4GB virtual address.
# This output file may be truncated or incomplete.
#
#  Out of Memory Error (./src/hotspot/os/windows/os_windows.cpp:3521), pid=1132, tid=15280
#
# JRE version: OpenJDK Runtime Environment (11.0.12+7) (build 11.0.12+7-b1504.28-7817840)
# Java VM: OpenJDK 64-Bit Server VM (11.0.12+7-b1504.28-7817840, mixed mode, tiered, compressed oops, g1 gc, windows-amd64)
# No core dump will be written. Minidumps are not enabled by default on client versions of Windows
#

---------------  S U M M A R Y ------------

Command Line: org.jetbrains.kotlin.cli.jvm.K2JVMCompiler @C:\Users\rsw14\Documents\ThreeFun_Android\retrofit\app\build\20220522_3081961975085987713.compiler.options

Host: Intel(R) Core(TM) i7-4500U CPU @ 1.80GHz, 4 cores, 7G,  Windows 10 , 64 bit Build 19041 (10.0.19041.1023)
Time: Sun May 22 11:47:01 2022 대한민국 표준시 elapsed time: 10.684666 seconds (0d 0h 0m 10s)

---------------  T H R E A D  ---------------

Current thread (0x0000010f7e9fd000):  VMThread "VM Thread" [stack: 0x0000000996200000,0x0000000996300000] [id=15280]

Stack: [0x0000000996200000,0x0000000996300000]
[error occurred during error reporting (printing stack bounds), id 0xc0000005, EXCEPTION_ACCESS_VIOLATION (0xc0000005) at pc=0x0000010f0000112d]

Native frames: (J=compiled Java code, j=interpreted, Vv=VM code, C=native code)
V  [jvm.dll+0x5fbcea]
V  [jvm.dll+0x731905]
V  [jvm.dll+0x732f1d]
V  [jvm.dll+0x733535]
V  [jvm.dll+0x7334eb]
V  [jvm.dll+0x5fb080]
V  [jvm.dll+0x5fb818]
C  [ntdll.dll+0xa217f]
C  [ntdll.dll+0x51454]
C  [ntdll.dll+0xa0cae]
C  0x0000010f0000112d

VM_Operation (0x0000000995cfcea0): G1CollectForAllocation, mode: safepoint, requested by thread 0x0000010f796a8800


---------------  P R O C E S S  ---------------

Threads class SMR info:
_java_thread_list=0x0000010f7fac36a0, length=11, elements={
0x0000010f796a8800, 0x0000010f7ea25000, 0x0000010f7ea26800, 0x0000010f7ea50800,
0x0000010f7ea51800, 0x0000010f7ea54000, 0x0000010f7ea5d000, 0x0000010f7ea5f800,
0x0000010f7ea6a000, 0x0000010f7f4b2000, 0x0000010f7f495000
}

Java Threads: ( => current thread )
  0x0000010f796a8800 JavaThread "main" [_thread_blocked, id=8260, stack(0x0000000995c00000,0x0000000995d00000)]
  0x0000010f7ea25000 JavaThread "Reference Handler" daemon [_thread_blocked, id=7144, stack(0x0000000996300000,0x0000000996400000)]
  0x0000010f7ea26800 JavaThread "Finalizer" daemon [_thread_blocked, id=12616, stack(0x0000000996400000,0x0000000996500000)]
  0x0000010f7ea50800 JavaThread "Signal Dispatcher" daemon [_thread_blocked, id=6620, stack(0x0000000996500000,0x0000000996600000)]
  0x0000010f7ea51800 JavaThread "Attach Listener" daemon [_thread_blocked, id=10288, stack(0x0000000996600000,0x0000000996700000)]
  0x0000010f7ea54000 JavaThread "Service Thread" daemon [_thread_blocked, id=784, stack(0x0000000996700000,0x0000000996800000)]
  0x0000010f7ea5d000 JavaThread "C2 CompilerThread0" daemon [_thread_blocked, id=3452, stack(0x0000000996800000,0x0000000996900000)]
  0x0000010f7ea5f800 JavaThread "C1 CompilerThread0" daemon [_thread_blocked, id=8108, stack(0x0000000996900000,0x0000000996a00000)]
  0x0000010f7ea6a000 JavaThread "Sweeper thread" daemon [_thread_blocked, id=8464, stack(0x0000000996a00000,0x0000000996b00000)]
  0x0000010f7f4b2000 JavaThread "Common-Cleaner" daemon [_thread_blocked, id=14084, stack(0x0000000996c00000,0x0000000996d00000)]
  0x0000010f7f495000 JavaThread "C2 CompilerThread1" daemon [_thread_blocked, id=6264, stack(0x0000000996d00000,0x0000000996e00000)]

Other Threads:
=>0x0000010f7e9fd000 VMThread "VM Thread" [stack: 0x0000000996200000,0x0000000996300000] [id=15280]
  0x0000010f7f490000 WatcherThread [stack: 0x0000000996b00000,0x0000000996c00000] [id=1804]
  0x0000010f796c1800 GCTaskThread "GC Thread#0" [stack: 0x0000000995d00000,0x0000000995e00000] [id=13132]
  0x0000010f7f95e000 GCTaskThread "GC Thread#1" [stack: 0x0000000996e00000,0x0000000996f00000] [id=4440]
  0x0000010f7f712000 GCTaskThread "GC Thread#2" [stack: 0x0000000996f00000,0x0000000997000000] [id=8056]
  0x0000010f796f1000 ConcurrentGCThread "G1 Main Marker" [stack: 0x0000000995e00000,0x0000000995f00000] [id=4784]
  0x0000010f796f3800 ConcurrentGCThread "G1 Conc#0" [stack: 0x0000000995f00000,0x0000000996000000] [id=14952]
  0x0000010f79785800 ConcurrentGCThread "G1 Refine#0" [stack: 0x0000000996000000,0x0000000996100000] [id=10316]
  0x0000010f15a1f000 ConcurrentGCThread "G1 Refine#1" [stack: 0x0000000997000000,0x0000000997100000] [id=13072]
  0x0000010f79787000 ConcurrentGCThread "G1 Young RemSet Sampling" [stack: 0x0000000996100000,0x0000000996200000] [id=10312]

Threads with active compile tasks:
C2 CompilerThread0  10700 8333       4       jdk.internal.reflect.ClassFileAssembler::emitConstantPoolUTF8 (50 bytes)
C1 CompilerThread0  10700 8393       3       org.jetbrains.kotlin.com.intellij.lang.impl.PsiBuilderImpl::balanceWhiteSpaces (323 bytes)
C2 CompilerThread1  10700 8304       4       org.jetbrains.kotlin.types.TypeUtils::contains (298 bytes)

VM state:at safepoint (normal execution)

VM Mutex/Monitor currently owned by a thread:  ([mutex/lock_event])
[0x0000010f796a59d0] Threads_lock - owner thread: 0x0000010f7e9fd000
[0x0000010f796a6510] Heap_lock - owner thread: 0x0000010f796a8800

Heap address: 0x0000000081600000, size: 2026 MB, Compressed Oops mode: 32-bit
Narrow klass base: 0x0000000000000000, Narrow klass shift: 3
Compressed class space size: 1073741824 Address: 0x0000000100000000

Heap:
 garbage-first heap   total 208896K, used 69067K [0x0000000081600000, 0x0000000100000000)
  region size 1024K, 8 young (8192K), 8 survivors (8192K)
 Metaspace       used 61492K, capacity 62200K, committed 62364K, reserved 1103872K
  class space    used 7000K, capacity 7284K, committed 7368K, reserved 1048576K
Heap Regions: E=young(eden), S=young(survivor), O=old, HS=humongous(starts), HC=humongous(continues), CS=collection set, F=free, A=archive, TAMS=top-at-mark-start (previous, next)
|   0|0x0000000081600000, 0x0000000081700000, 0x0000000081700000|100%|HS|  |TAMS 0x0000000081700000, 0x0000000081600000| Complete 
|   1|0x0000000081700000, 0x0000000081800000, 0x0000000081800000|100%|HC|  |TAMS 0x0000000081800000, 0x0000000081700000| Complete 
|   2|0x0000000081800000, 0x0000000081900000, 0x0000000081900000|100%|HC|  |TAMS 0x0000000081900000, 0x0000000081800000| Complete 
|   3|0x0000000081900000, 0x0000000081a00000, 0x0000000081a00000|100%| O|  |TAMS 0x0000000081a00000, 0x0000000081900000| Untracked 
|   4|0x0000000081a00000, 0x0000000081b00000, 0x0000000081b00000|100%| O|  |TAMS 0x0000000081b00000, 0x0000000081a00000| Untracked 
|   5|0x0000000081b00000, 0x0000000081c00000, 0x0000000081c00000|100%|HS|  |TAMS 0x0000000081c00000, 0x0000000081b00000| Complete 
|   6|0x0000000081c00000, 0x0000000081d00000, 0x0000000081d00000|100%|HC|  |TAMS 0x0000000081d00000, 0x0000000081c00000| Complete 
|   7|0x0000000081d00000, 0x0000000081e00000, 0x0000000081e00000|100%|HC|  |TAMS 0x0000000081e00000, 0x0000000081d00000| Complete 
|   8|0x0000000081e00000, 0x0000000081f00000, 0x0000000081f00000|100%|HS|  |TAMS 0x0000000081f00000, 0x0000000081e00000| Complete 
|   9|0x0000000081f00000, 0x0000000082000000, 0x0000000082000000|100%|HC|  |TAMS 0x0000000082000000, 0x0000000081f00000| Complete 
|  10|0x0000000082000000, 0x0000000082100000, 0x0000000082100000|100%|HC|  |TAMS 0x0000000082100000, 0x0000000082000000| Complete 
|  11|0x0000000082100000, 0x0000000082200000, 0x0000000082200000|100%|HS|  |TAMS 0x0000000082200000, 0x0000000082100000| Complete 
|  12|0x0000000082200000, 0x0000000082300000, 0x0000000082300000|100%|HC|  |TAMS 0x0000000082300000, 0x0000000082200000| Complete 
|  13|0x0000000082300000, 0x0000000082400000, 0x0000000082400000|100%| O|  |TAMS 0x0000000082400000, 0x0000000082300000| Untracked 
|  14|0x0000000082400000, 0x0000000082500000, 0x0000000082500000|100%| O|  |TAMS 0x0000000082500000, 0x0000000082400000| Untracked 
|  15|0x0000000082500000, 0x0000000082600000, 0x0000000082600000|100%| O|  |TAMS 0x0000000082600000, 0x0000000082500000| Untracked 
|  16|0x0000000082600000, 0x0000000082700000, 0x0000000082700000|100%| O|  |TAMS 0x0000000082700000, 0x0000000082600000| Untracked 
|  17|0x0000000082700000, 0x0000000082800000, 0x0000000082800000|100%| O|  |TAMS 0x0000000082800000, 0x0000000082700000| Untracked 
|  18|0x0000000082800000, 0x0000000082900000, 0x0000000082900000|100%| O|  |TAMS 0x0000000082900000, 0x0000000082800000| Untracked 
|  19|0x0000000082900000, 0x0000000082a00000, 0x0000000082a00000|100%| O|  |TAMS 0x0000000082a00000, 0x0000000082900000| Untracked 
|  20|0x0000000082a00000, 0x0000000082b00000, 0x0000000082b00000|100%| O|  |TAMS 0x0000000082b00000, 0x0000000082a00000| Untracked 
|  21|0x0000000082b00000, 0x0000000082c00000, 0x0000000082c00000|100%| O|  |TAMS 0x0000000082c00000, 0x0000000082b00000| Untracked 
|  22|0x0000000082c00000, 0x0000000082d00000, 0x0000000082d00000|100%| O|  |TAMS 0x0000000082d00000, 0x0000000082c00000| Untracked 
|  23|0x0000000082d00000, 0x0000000082e00000, 0x0000000082e00000|100%| O|  |TAMS 0x0000000082e00000, 0x0000000082d00000| Untracked 
|  24|0x0000000082e00000, 0x0000000082f00000, 0x0000000082f00000|100%| O|  |TAMS 0x0000000082f00000, 0x0000000082e00000| Untracked 
|  25|0x0000000082f00000, 0x0000000083000000, 0x0000000083000000|100%| O|  |TAMS 0x0000000083000000, 0x0000000082f00000| Untracked 
|  26|0x0000000083000000, 0x0000000083100000, 0x0000000083100000|100%| O|  |TAMS 0x0000000083000000, 0x0000000083000000| Untracked 
|  27|0x0000000083100000, 0x0000000083200000, 0x0000000083200000|100%| O|  |TAMS 0x0000000083100000, 0x0000000083100000| Untracked 
|  28|0x0000000083200000, 0x0000000083300000, 0x0000000083300000|100%| O|  |TAMS 0x0000000083200000, 0x0000000083200000| Untracked 
|  29|0x0000000083300000, 0x0000000083400000, 0x0000000083400000|100%| O|  |TAMS 0x0000000083300000, 0x0000000083300000| Untracked 
|  30|0x0000000083400000, 0x0000000083500000, 0x0000000083500000|100%| O|  |TAMS 0x0000000083400000, 0x0000000083400000| Untracked 
|  31|0x0000000083500000, 0x0000000083600000, 0x0000000083600000|100%| O|  |TAMS 0x0000000083500000, 0x0000000083500000| Untracked 
|  32|0x0000000083600000, 0x0000000083700000, 0x0000000083700000|100%| O|  |TAMS 0x0000000083600000, 0x0000000083600000| Untracked 
|  33|0x0000000083700000, 0x0000000083800000, 0x0000000083800000|100%| O|  |TAMS 0x0000000083700000, 0x0000000083700000| Untracked 
|  34|0x0000000083800000, 0x0000000083900000, 0x0000000083900000|100%| O|  |TAMS 0x0000000083800000, 0x0000000083800000| Untracked 
|  35|0x0000000083900000, 0x0000000083a00000, 0x0000000083a00000|100%| O|  |TAMS 0x0000000083900000, 0x0000000083900000| Untracked 
|  36|0x0000000083a00000, 0x0000000083b00000, 0x0000000083b00000|100%| O|  |TAMS 0x0000000083a00000, 0x0000000083a00000| Untracked 
|  37|0x0000000083b00000, 0x0000000083c00000, 0x0000000083c00000|100%| O|  |TAMS 0x0000000083b00000, 0x0000000083b00000| Untracked 
|  38|0x0000000083c00000, 0x0000000083d00000, 0x0000000083d00000|100%| O|  |TAMS 0x0000000083c00000, 0x0000000083c00000| Untracked 
|  39|0x0000000083d00000, 0x0000000083e00000, 0x0000000083e00000|100%| O|  |TAMS 0x0000000083d00000, 0x0000000083d00000| Untracked 
|  40|0x0000000083e00000, 0x0000000083f00000, 0x0000000083f00000|100%| O|  |TAMS 0x0000000083e00000, 0x0000000083e00000| Untracked 
|  41|0x0000000083f00000, 0x0000000084000000, 0x0000000084000000|100%| O|  |TAMS 0x0000000083f00000, 0x0000000083f00000| Untracked 
|  42|0x0000000084000000, 0x0000000084100000, 0x0000000084100000|100%| O|  |TAMS 0x0000000084000000, 0x0000000084000000| Untracked 
|  43|0x0000000084100000, 0x0000000084200000, 0x0000000084200000|100%| O|  |TAMS 0x0000000084100000, 0x0000000084100000| Untracked 
|  44|0x0000000084200000, 0x0000000084300000, 0x0000000084300000|100%| O|  |TAMS 0x0000000084200000, 0x0000000084200000| Untracked 
|  45|0x0000000084300000, 0x0000000084400000, 0x0000000084400000|100%| O|  |TAMS 0x0000000084300000, 0x0000000084300000| Untracked 
|  46|0x0000000084400000, 0x0000000084500000, 0x0000000084500000|100%| O|  |TAMS 0x0000000084400000, 0x0000000084400000| Untracked 
|  47|0x0000000084500000, 0x0000000084600000, 0x0000000084600000|100%| O|  |TAMS 0x0000000084500000, 0x0000000084500000| Untracked 
|  48|0x0000000084600000, 0x0000000084700000, 0x0000000084700000|100%| O|  |TAMS 0x0000000084600000, 0x0000000084600000| Untracked 
|  49|0x0000000084700000, 0x0000000084800000, 0x0000000084800000|100%| O|  |TAMS 0x0000000084700000, 0x0000000084700000| Untracked 
|  50|0x0000000084800000, 0x0000000084900000, 0x0000000084900000|100%| O|  |TAMS 0x0000000084800000, 0x0000000084800000| Untracked 
|  51|0x0000000084900000, 0x0000000084a00000, 0x0000000084a00000|100%| O|  |TAMS 0x0000000084900000, 0x0000000084900000| Untracked 
|  52|0x0000000084a00000, 0x0000000084b00000, 0x0000000084b00000|100%| O|  |TAMS 0x0000000084a00000, 0x0000000084a00000| Untracked 
|  53|0x0000000084b00000, 0x0000000084c00000, 0x0000000084c00000|100%| O|  |TAMS 0x0000000084b00000, 0x0000000084b00000| Untracked 
|  54|0x0000000084c00000, 0x0000000084d00000, 0x0000000084d00000|100%| O|  |TAMS 0x0000000084c00000, 0x0000000084c00000| Untracked 
|  55|0x0000000084d00000, 0x0000000084e00000, 0x0000000084e00000|100%| O|  |TAMS 0x0000000084d00000, 0x0000000084d00000| Untracked 
|  56|0x0000000084e00000, 0x0000000084f00000, 0x0000000084f00000|100%| O|  |TAMS 0x0000000084e00000, 0x0000000084e00000| Untracked 
|  57|0x0000000084f00000, 0x0000000085000000, 0x0000000085000000|100%| O|  |TAMS 0x0000000084f00000, 0x0000000084f00000| Untracked 
|  58|0x0000000085000000, 0x0000000085100000, 0x0000000085100000|100%| O|  |TAMS 0x0000000085000000, 0x0000000085000000| Untracked 
|  59|0x0000000085100000, 0x0000000085172e00, 0x0000000085200000| 44%| O|  |TAMS 0x0000000085100000, 0x0000000085100000| Untracked 
|  60|0x0000000085200000, 0x0000000085200000, 0x0000000085300000|  0%| F|  |TAMS 0x0000000085200000, 0x0000000085200000| Untracked 
|  61|0x0000000085300000, 0x0000000085300000, 0x0000000085400000|  0%| F|  |TAMS 0x0000000085300000, 0x0000000085300000| Untracked 
|  62|0x0000000085400000, 0x0000000085400000, 0x0000000085500000|  0%| F|  |TAMS 0x0000000085400000, 0x0000000085400000| Untracked 
|  63|0x0000000085500000, 0x0000000085500000, 0x0000000085600000|  0%| F|  |TAMS 0x0000000085500000, 0x0000000085500000| Untracked 
|  64|0x0000000085600000, 0x0000000085600000, 0x0000000085700000|  0%| F|  |TAMS 0x0000000085600000, 0x0000000085600000| Untracked 
|  65|0x0000000085700000, 0x0000000085700000, 0x0000000085800000|  0%| F|  |TAMS 0x0000000085700000, 0x0000000085700000| Untracked 
|  66|0x0000000085800000, 0x0000000085800000, 0x0000000085900000|  0%| F|  |TAMS 0x0000000085800000, 0x0000000085800000| Untracked 
|  67|0x0000000085900000, 0x0000000085900000, 0x0000000085a00000|  0%| F|  |TAMS 0x0000000085900000, 0x0000000085900000| Untracked 
|  68|0x0000000085a00000, 0x0000000085a00000, 0x0000000085b00000|  0%| F|  |TAMS 0x0000000085a00000, 0x0000000085a00000| Untracked 
|  69|0x0000000085b00000, 0x0000000085b00000, 0x0000000085c00000|  0%| F|  |TAMS 0x0000000085b00000, 0x0000000085b00000| Untracked 
|  70|0x0000000085c00000, 0x0000000085c00000, 0x0000000085d00000|  0%| F|  |TAMS 0x0000000085c00000, 0x0000000085c00000| Untracked 
|  71|0x0000000085d00000, 0x0000000085d00000, 0x0000000085e00000|  0%| F|  |TAMS 0x0000000085d00000, 0x0000000085d00000| Untracked 
|  72|0x0000000085e00000, 0x0000000085e00000, 0x0000000085f00000|  0%| F|  |TAMS 0x0000000085e00000, 0x0000000085e00000| Untracked 
|  73|0x0000000085f00000, 0x0000000085f00000, 0x0000000086000000|  0%| F|  |TAMS 0x0000000085f00000, 0x0000000085f00000| Untracked 
|  74|0x0000000086000000, 0x0000000086000000, 0x0000000086100000|  0%| F|  |TAMS 0x0000000086000000, 0x0000000086000000| Untracked 
|  75|0x0000000086100000, 0x0000000086100000, 0x0000000086200000|  0%| F|  |TAMS 0x0000000086100000, 0x0000000086100000| Untracked 
|  76|0x0000000086200000, 0x0000000086200000, 0x0000000086300000|  0%| F|  |TAMS 0x0000000086200000, 0x0000000086200000| Untracked 
|  77|0x0000000086300000, 0x0000000086300000, 0x0000000086400000|  0%| F|  |TAMS 0x0000000086300000, 0x0000000086300000| Untracked 
|  78|0x0000000086400000, 0x0000000086400000, 0x0000000086500000|  0%| F|  |TAMS 0x0000000086400000, 0x0000000086400000| Untracked 
|  79|0x0000000086500000, 0x0000000086500000, 0x0000000086600000|  0%| F|  |TAMS 0x0000000086500000, 0x0000000086500000| Untracked 
|  80|0x0000000086600000, 0x0000000086600000, 0x0000000086700000|  0%| F|  |TAMS 0x0000000086600000, 0x0000000086600000| Untracked 
|  81|0x0000000086700000, 0x0000000086700000, 0x0000000086800000|  0%| F|  |TAMS 0x0000000086700000, 0x0000000086700000| Untracked 
|  82|0x0000000086800000, 0x0000000086800000, 0x0000000086900000|  0%| F|  |TAMS 0x0000000086800000, 0x0000000086800000| Untracked 
|  83|0x0000000086900000, 0x0000000086900000, 0x0000000086a00000|  0%| F|  |TAMS 0x0000000086900000, 0x0000000086900000| Untracked 
|  84|0x0000000086a00000, 0x0000000086a00000, 0x0000000086b00000|  0%| F|  |TAMS 0x0000000086a00000, 0x0000000086a00000| Untracked 
|  85|0x0000000086b00000, 0x0000000086c00000, 0x0000000086c00000|100%| S|CS|TAMS 0x0000000086b00000, 0x0000000086b00000| Complete 
|  86|0x0000000086c00000, 0x0000000086d00000, 0x0000000086d00000|100%| S|CS|TAMS 0x0000000086c00000, 0x0000000086c00000| Complete 
|  87|0x0000000086d00000, 0x0000000086e00000, 0x0000000086e00000|100%| S|CS|TAMS 0x0000000086d00000, 0x0000000086d00000| Complete 
|  88|0x0000000086e00000, 0x0000000086f00000, 0x0000000086f00000|100%| S|CS|TAMS 0x0000000086e00000, 0x0000000086e00000| Complete 
|  89|0x0000000086f00000, 0x0000000087000000, 0x0000000087000000|100%| S|CS|TAMS 0x0000000086f00000, 0x0000000086f00000| Complete 
|  90|0x0000000087000000, 0x0000000087100000, 0x0000000087100000|100%| S|CS|TAMS 0x0000000087000000, 0x0000000087000000| Complete 
|  91|0x0000000087100000, 0x0000000087100000, 0x0000000087200000|  0%| F|  |TAMS 0x0000000087100000, 0x0000000087100000| Untracked 
|  92|0x0000000087200000, 0x0000000087200000, 0x0000000087300000|  0%| F|  |TAMS 0x0000000087200000, 0x0000000087200000| Untracked 
|  93|0x0000000087300000, 0x0000000087300000, 0x0000000087400000|  0%| F|  |TAMS 0x0000000087300000, 0x0000000087300000| Untracked 
|  94|0x0000000087400000, 0x0000000087400000, 0x0000000087500000|  0%| F|  |TAMS 0x0000000087400000, 0x0000000087400000| Untracked 
|  95|0x0000000087500000, 0x0000000087500000, 0x0000000087600000|  0%| F|  |TAMS 0x0000000087500000, 0x0000000087500000| Untracked 
|  96|0x0000000087600000, 0x0000000087600000, 0x0000000087700000|  0%| F|  |TAMS 0x0000000087600000, 0x0000000087600000| Untracked 
|  97|0x0000000087700000, 0x0000000087700000, 0x0000000087800000|  0%| F|  |TAMS 0x0000000087700000, 0x0000000087700000| Untracked 
|  98|0x0000000087800000, 0x0000000087800000, 0x0000000087900000|  0%| F|  |TAMS 0x0000000087800000, 0x0000000087800000| Untracked 
|  99|0x0000000087900000, 0x0000000087a00000, 0x0000000087a00000|100%| S|CS|TAMS 0x0000000087900000, 0x0000000087900000| Complete 
| 100|0x0000000087a00000, 0x0000000087b00000, 0x0000000087b00000|100%| S|CS|TAMS 0x0000000087a00000, 0x0000000087a00000| Complete 
| 101|0x0000000087b00000, 0x0000000087b00000, 0x0000000087c00000|  0%| F|  |TAMS 0x0000000087b00000, 0x0000000087b00000| Untracked 
| 102|0x0000000087c00000, 0x0000000087c00000, 0x0000000087d00000|  0%| F|  |TAMS 0x0000000087c00000, 0x0000000087c00000| Untracked 
| 103|0x0000000087d00000, 0x0000000087d00000, 0x0000000087e00000|  0%| F|  |TAMS 0x0000000087d00000, 0x0000000087d00000| Untracked 
| 104|0x0000000087e00000, 0x0000000087e00000, 0x0000000087f00000|  0%| F|  |TAMS 0x0000000087e00000, 0x0000000087e00000| Untracked 
| 105|0x0000000087f00000, 0x0000000087f00000, 0x0000000088000000|  0%| F|  |TAMS 0x0000000087f00000, 0x0000000087f00000| Untracked 
| 106|0x0000000088000000, 0x0000000088000000, 0x0000000088100000|  0%| F|  |TAMS 0x0000000088000000, 0x0000000088000000| Untracked 
| 107|0x0000000088100000, 0x0000000088100000, 0x0000000088200000|  0%| F|  |TAMS 0x0000000088100000, 0x0000000088100000| Untracked 
| 108|0x0000000088200000, 0x0000000088200000, 0x0000000088300000|  0%| F|  |TAMS 0x0000000088200000, 0x0000000088200000| Untracked 
| 109|0x0000000088300000, 0x0000000088300000, 0x0000000088400000|  0%| F|  |TAMS 0x0000000088300000, 0x0000000088300000| Untracked 
| 110|0x0000000088400000, 0x0000000088400000, 0x0000000088500000|  0%| F|  |TAMS 0x0000000088400000, 0x0000000088400000| Untracked 
| 111|0x0000000088500000, 0x0000000088500000, 0x0000000088600000|  0%| F|  |TAMS 0x0000000088500000, 0x0000000088500000| Untracked 
| 112|0x0000000088600000, 0x0000000088600000, 0x0000000088700000|  0%| F|  |TAMS 0x0000000088600000, 0x0000000088600000| Untracked 
| 113|0x0000000088700000, 0x0000000088700000, 0x0000000088800000|  0%| F|  |TAMS 0x0000000088700000, 0x0000000088700000| Untracked 
| 114|0x0000000088800000, 0x0000000088800000, 0x0000000088900000|  0%| F|  |TAMS 0x0000000088800000, 0x0000000088800000| Untracked 
| 115|0x0000000088900000, 0x0000000088900000, 0x0000000088a00000|  0%| F|  |TAMS 0x0000000088900000, 0x0000000088900000| Untracked 
| 116|0x0000000088a00000, 0x0000000088a00000, 0x0000000088b00000|  0%| F|  |TAMS 0x0000000088a00000, 0x0000000088a00000| Untracked 
| 117|0x0000000088b00000, 0x0000000088b00000, 0x0000000088c00000|  0%| F|  |TAMS 0x0000000088b00000, 0x0000000088b00000| Untracked 
| 118|0x0000000088c00000, 0x0000000088c00000, 0x0000000088d00000|  0%| F|  |TAMS 0x0000000088c00000, 0x0000000088c00000| Untracked 
| 119|0x0000000088d00000, 0x0000000088d00000, 0x0000000088e00000|  0%| F|  |TAMS 0x0000000088d00000, 0x0000000088d00000| Untracked 
| 120|0x0000000088e00000, 0x0000000088e00000, 0x0000000088f00000|  0%| F|  |TAMS 0x0000000088e00000, 0x0000000088e00000| Untracked 
| 121|0x0000000088f00000, 0x0000000088f00000, 0x0000000089000000|  0%| F|  |TAMS 0x0000000088f00000, 0x0000000088f00000| Untracked 
| 122|0x0000000089000000, 0x0000000089000000, 0x0000000089100000|  0%| F|  |TAMS 0x0000000089000000, 0x0000000089000000| Untracked 
| 123|0x0000000089100000, 0x0000000089100000, 0x0000000089200000|  0%| F|  |TAMS 0x0000000089100000, 0x0000000089100000| Untracked 
| 124|0x0000000089200000, 0x0000000089200000, 0x0000000089300000|  0%| F|  |TAMS 0x0000000089200000, 0x0000000089200000| Untracked 
| 125|0x0000000089300000, 0x0000000089300000, 0x0000000089400000|  0%| F|  |TAMS 0x0000000089300000, 0x0000000089300000| Untracked 
| 126|0x0000000089400000, 0x0000000089400000, 0x0000000089500000|  0%| F|  |TAMS 0x0000000089400000, 0x0000000089400000| Untracked 
| 127|0x0000000089500000, 0x0000000089500000, 0x0000000089600000|  0%| F|  |TAMS 0x0000000089500000, 0x0000000089500000| Untracked 
| 128|0x0000000089600000, 0x0000000089600000, 0x0000000089700000|  0%| F|  |TAMS 0x0000000089600000, 0x0000000089600000| Untracked 
| 129|0x0000000089700000, 0x0000000089700000, 0x0000000089800000|  0%| F|  |TAMS 0x0000000089700000, 0x0000000089700000| Untracked 
| 130|0x0000000089800000, 0x0000000089800000, 0x0000000089900000|  0%| F|  |TAMS 0x0000000089800000, 0x0000000089800000| Untracked 
| 131|0x0000000089900000, 0x0000000089900000, 0x0000000089a00000|  0%| F|  |TAMS 0x0000000089900000, 0x0000000089900000| Untracked 
| 132|0x0000000089a00000, 0x0000000089a00000, 0x0000000089b00000|  0%| F|  |TAMS 0x0000000089a00000, 0x0000000089a00000| Untracked 
| 133|0x0000000089b00000, 0x0000000089b00000, 0x0000000089c00000|  0%| F|  |TAMS 0x0000000089b00000, 0x0000000089b00000| Untracked 
| 134|0x0000000089c00000, 0x0000000089c00000, 0x0000000089d00000|  0%| F|  |TAMS 0x0000000089c00000, 0x0000000089c00000| Untracked 
| 135|0x0000000089d00000, 0x0000000089d00000, 0x0000000089e00000|  0%| F|  |TAMS 0x0000000089d00000, 0x0000000089d00000| Untracked 
| 136|0x0000000089e00000, 0x0000000089e00000, 0x0000000089f00000|  0%| F|  |TAMS 0x0000000089e00000, 0x0000000089e00000| Untracked 
| 137|0x0000000089f00000, 0x0000000089f00000, 0x000000008a000000|  0%| F|  |TAMS 0x0000000089f00000, 0x0000000089f00000| Untracked 
| 138|0x000000008a000000, 0x000000008a000000, 0x000000008a100000|  0%| F|  |TAMS 0x000000008a000000, 0x000000008a000000| Untracked 
| 139|0x000000008a100000, 0x000000008a100000, 0x000000008a200000|  0%| F|  |TAMS 0x000000008a100000, 0x000000008a100000| Untracked 
| 140|0x000000008a200000, 0x000000008a200000, 0x000000008a300000|  0%| F|  |TAMS 0x000000008a200000, 0x000000008a200000| Untracked 
| 141|0x000000008a300000, 0x000000008a300000, 0x000000008a400000|  0%| F|  |TAMS 0x000000008a300000, 0x000000008a300000| Untracked 
| 142|0x000000008a400000, 0x000000008a400000, 0x000000008a500000|  0%| F|  |TAMS 0x000000008a400000, 0x000000008a400000| Untracked 
| 143|0x000000008a500000, 0x000000008a500000, 0x000000008a600000|  0%| F|  |TAMS 0x000000008a500000, 0x000000008a500000| Untracked 
| 144|0x000000008a600000, 0x000000008a600000, 0x000000008a700000|  0%| F|  |TAMS 0x000000008a600000, 0x000000008a600000| Untracked 
| 145|0x000000008a700000, 0x000000008a700000, 0x000000008a800000|  0%| F|  |TAMS 0x000000008a700000, 0x000000008a700000| Untracked 
| 146|0x000000008a800000, 0x000000008a800000, 0x000000008a900000|  0%| F|  |TAMS 0x000000008a800000, 0x000000008a800000| Untracked 
| 147|0x000000008a900000, 0x000000008a900000, 0x000000008aa00000|  0%| F|  |TAMS 0x000000008a900000, 0x000000008a900000| Untracked 
| 148|0x000000008aa00000, 0x000000008aa00000, 0x000000008ab00000|  0%| F|  |TAMS 0x000000008aa00000, 0x000000008aa00000| Untracked 
| 149|0x000000008ab00000, 0x000000008ab00000, 0x000000008ac00000|  0%| F|  |TAMS 0x000000008ab00000, 0x000000008ab00000| Untracked 
| 150|0x000000008ac00000, 0x000000008ac00000, 0x000000008ad00000|  0%| F|  |TAMS 0x000000008ac00000, 0x000000008ac00000| Untracked 
| 151|0x000000008ad00000, 0x000000008ad00000, 0x000000008ae00000|  0%| F|  |TAMS 0x000000008ad00000, 0x000000008ad00000| Untracked 
| 152|0x000000008ae00000, 0x000000008ae00000, 0x000000008af00000|  0%| F|  |TAMS 0x000000008ae00000, 0x000000008ae00000| Untracked 
| 153|0x000000008af00000, 0x000000008af00000, 0x000000008b000000|  0%| F|  |TAMS 0x000000008af00000, 0x000000008af00000| Untracked 

Card table byte_map: [0x0000010f7dbe0000,0x0000010f7dfe0000] _byte_map_base: 0x0000010f7d7d5000

Marking Bits (Prev, Next): (CMBitMap*) 0x0000010f796e84f0, (CMBitMap*) 0x0000010f796e84b8
 Prev Bits: [0x0000010f10fb0000, 0x0000010f12f58000)
 Next Bits: [0x0000010f0f000000, 0x0000010f10fa8000)

Polling page: 0x0000010f77d80000

Metaspace:

Usage:
  Non-class:     53.63 MB capacity,    53.21 MB (>99%) used,   321.65 KB ( <1%) free+waste,   102.63 KB ( <1%) overhead. 
      Class:      7.11 MB capacity,     6.84 MB ( 96%) used,   238.72 KB (  3%) free+waste,    44.75 KB ( <1%) overhead. 
       Both:     60.74 MB capacity,    60.05 MB ( 99%) used,   560.37 KB ( <1%) free+waste,   147.38 KB ( <1%) overhead. 

Virtual space:
  Non-class space:       54.00 MB reserved,      53.71 MB (>99%) committed 
      Class space:        1.00 GB reserved,       7.20 MB ( <1%) committed 
             Both:        1.05 GB reserved,      60.90 MB (  6%) committed 

Chunk freelists:
   Non-Class:  16.00 KB
       Class:  12.00 KB
        Both:  28.00 KB

MaxMetaspaceSize: 17179869184.00 GB
CompressedClassSpaceSize: 1.00 GB
Initial GC threshold: 20.80 MB
Current GC threshold: 74.21 MB
CDS: off

CodeHeap 'non-profiled nmethods': size=120064Kb used=3737Kb max_used=3737Kb free=116326Kb
 bounds [0x0000010f07ac0000, 0x0000010f07e70000, 0x0000010f0f000000]
CodeHeap 'profiled nmethods': size=120000Kb used=19419Kb max_used=19419Kb free=100580Kb
 bounds [0x0000010f00590000, 0x0000010f01890000, 0x0000010f07ac0000]
CodeHeap 'non-nmethods': size=5696Kb used=1294Kb max_used=1347Kb free=4401Kb
 bounds [0x0000010f00000000, 0x0000010f00270000, 0x0000010f00590000]
 total_blobs=8854 nmethods=8281 adapters=483
 compilation: enabled
              stopped_count=0, restarted_count=0
 full_count=0

Compilation events (20 events):
Event: 10.620 Thread 0x0000010f7ea5f800 nmethod 8379 0x0000010f01874190 code [0x0000010f01874340, 0x0000010f01874468]
Event: 10.620 Thread 0x0000010f7ea5f800 8378       3       org.jetbrains.kotlin.resolve.calls.components.ResolutionPartsKt::access$resolveKotlinArgument (8 bytes)
Event: 10.620 Thread 0x0000010f7ea5f800 nmethod 8378 0x0000010f01874510 code [0x0000010f018746c0, 0x0000010f018747c8]
Event: 10.620 Thread 0x0000010f7ea5f800 8380       3       org.jetbrains.kotlin.resolve.calls.inference.components.AbstractTypeCheckerContextForConstraintSystem::<init> (5 bytes)
Event: 10.620 Thread 0x0000010f7ea5f800 nmethod 8380 0x0000010f01874890 code [0x0000010f01874a40, 0x0000010f01874bf8]
Event: 10.620 Thread 0x0000010f7ea5f800 8375       3       org.jetbrains.kotlin.types.AbstractTypeApproximator::isIntegerLiteralTypeConstructor (18 bytes)
Event: 10.621 Thread 0x0000010f7ea5f800 nmethod 8375 0x0000010f01874d10 code [0x0000010f01874f40, 0x0000010f018755a8]
Event: 10.622 Thread 0x0000010f7ea5f800 8381       3       org.jetbrains.kotlin.resolve.calls.inference.ConstraintSystemBuilderKt::addSubtypeConstraintIfCompatible (35 bytes)
Event: 10.624 Thread 0x0000010f7ea5f800 nmethod 8381 0x0000010f01875810 code [0x0000010f01875be0, 0x0000010f018772e8]
Event: 10.624 Thread 0x0000010f7ea5f800 8383       3       org.jetbrains.kotlin.resolve.calls.components.ClassicTypeSystemContextForCS::isIntegerLiteralType (9 bytes)
Event: 10.625 Thread 0x0000010f7ea5f800 nmethod 8383 0x0000010f01877b10 code [0x0000010f01877e80, 0x0000010f01878ff8]
Event: 10.625 Thread 0x0000010f7ea5f800 8384       3       org.jetbrains.kotlin.types.model.TypeSystemInferenceExtensionContextDelegate$DefaultImpls::isIntegerLiteralType (21 bytes)
Event: 10.627 Thread 0x0000010f7ea5f800 nmethod 8384 0x0000010f01879610 code [0x0000010f01879ae0, 0x0000010f0187bb38]
Event: 10.627 Thread 0x0000010f7ea5f800 8387       3       org.jetbrains.kotlin.types.AbstractNullabilityChecker::hasNotNullSupertype (457 bytes)
Event: 10.634 Thread 0x0000010f7ea5f800 nmethod 8387 0x0000010f0187c590 code [0x0000010f0187cf00, 0x0000010f018824a8]
Event: 10.634 Thread 0x0000010f7ea5f800 8386       3       org.jetbrains.kotlin.resolve.calls.components.ArgumentsUtilsKt::isVararg (21 bytes)
Event: 10.635 Thread 0x0000010f7ea5f800 nmethod 8386 0x0000010f01884190 code [0x0000010f018843c0, 0x0000010f01884a38]
Event: 10.635 Thread 0x0000010f7ea5f800 8385       3       org.jetbrains.kotlin.types.model.TypeSystemInferenceExtensionContext$DefaultImpls::isIntegerLiteralType (21 bytes)
Event: 10.636 Thread 0x0000010f7ea5f800 nmethod 8385 0x0000010f01884c90 code [0x0000010f01885060, 0x0000010f01886638]
Event: 10.636 Thread 0x0000010f7ea5f800 8393       3       org.jetbrains.kotlin.com.intellij.lang.impl.PsiBuilderImpl::balanceWhiteSpaces (323 bytes)

GC Heap History (17 events):
Event: 0.504 GC heap before
{Heap before GC invocations=0 (full 0):
 garbage-first heap   total 131072K, used 17408K [0x0000000081600000, 0x0000000100000000)
  region size 1024K, 14 young (14336K), 0 survivors (0K)
 Metaspace       used 9774K, capacity 9871K, committed 10112K, reserved 1058816K
  class space    used 825K, capacity 884K, committed 896K, reserved 1048576K
}
Event: 0.507 GC heap after
{Heap after GC invocations=1 (full 0):
 garbage-first heap   total 131072K, used 5466K [0x0000000081600000, 0x0000000100000000)
  region size 1024K, 2 young (2048K), 2 survivors (2048K)
 Metaspace       used 9774K, capacity 9871K, committed 10112K, reserved 1058816K
  class space    used 825K, capacity 884K, committed 896K, reserved 1048576K
}
Event: 1.450 GC heap before
{Heap before GC invocations=1 (full 0):
 garbage-first heap   total 131072K, used 52570K [0x0000000081600000, 0x0000000100000000)
  region size 1024K, 49 young (50176K), 2 survivors (2048K)
 Metaspace       used 20982K, capacity 21194K, committed 21248K, reserved 1069056K
  class space    used 2211K, capacity 2297K, committed 2304K, reserved 1048576K
}
Event: 1.465 GC heap after
{Heap after GC invocations=2 (full 0):
 garbage-first heap   total 131072K, used 9562K [0x0000000081600000, 0x0000000100000000)
  region size 1024K, 6 young (6144K), 6 survivors (6144K)
 Metaspace       used 20982K, capacity 21194K, committed 21248K, reserved 1069056K
  class space    used 2211K, capacity 2297K, committed 2304K, reserved 1048576K
}
Event: 2.814 GC heap before
{Heap before GC invocations=3 (full 0):
 garbage-first heap   total 131072K, used 68954K [0x0000000081600000, 0x0000000100000000)
  region size 1024K, 54 young (55296K), 6 survivors (6144K)
 Metaspace       used 30044K, capacity 30467K, committed 30588K, reserved 1077248K
  class space    used 3514K, capacity 3674K, committed 3708K, reserved 1048576K
}
Event: 2.839 GC heap after
{Heap after GC invocations=4 (full 0):
 garbage-first heap   total 131072K, used 22834K [0x0000000081600000, 0x0000000100000000)
  region size 1024K, 7 young (7168K), 7 survivors (7168K)
 Metaspace       used 30044K, capacity 30467K, committed 30588K, reserved 1077248K
  class space    used 3514K, capacity 3674K, committed 3708K, reserved 1048576K
}
Event: 3.551 GC heap before
{Heap before GC invocations=4 (full 0):
 garbage-first heap   total 131072K, used 51506K [0x0000000081600000, 0x0000000100000000)
  region size 1024K, 34 young (34816K), 7 survivors (7168K)
 Metaspace       used 35478K, capacity 35914K, committed 36048K, reserved 1081344K
  class space    used 4119K, capacity 4294K, committed 4348K, reserved 1048576K
}
Event: 3.565 GC heap after
{Heap after GC invocations=5 (full 0):
 garbage-first heap   total 131072K, used 25586K [0x0000000081600000, 0x0000000100000000)
  region size 1024K, 3 young (3072K), 3 survivors (3072K)
 Metaspace       used 35478K, capacity 35914K, committed 36048K, reserved 1081344K
  class space    used 4119K, capacity 4294K, committed 4348K, reserved 1048576K
}
Event: 4.729 GC heap before
{Heap before GC invocations=6 (full 0):
 garbage-first heap   total 131072K, used 78834K [0x0000000081600000, 0x0000000100000000)
  region size 1024K, 53 young (54272K), 3 survivors (3072K)
 Metaspace       used 44814K, capacity 45344K, committed 45596K, reserved 1089536K
  class space    used 5206K, capacity 5402K, committed 5448K, reserved 1048576K
}
Event: 4.759 GC heap after
{Heap after GC invocations=7 (full 0):
 garbage-first heap   total 157696K, used 33792K [0x0000000081600000, 0x0000000100000000)
  region size 1024K, 7 young (7168K), 7 survivors (7168K)
 Metaspace       used 44814K, capacity 45344K, committed 45596K, reserved 1089536K
  class space    used 5206K, capacity 5402K, committed 5448K, reserved 1048576K
}
Event: 6.472 GC heap before
{Heap before GC invocations=8 (full 0):
 garbage-first heap   total 157696K, used 89088K [0x0000000081600000, 0x0000000100000000)
  region size 1024K, 60 young (61440K), 7 survivors (7168K)
 Metaspace       used 51538K, capacity 52159K, committed 52252K, reserved 1095680K
  class space    used 5905K, capacity 6158K, committed 6216K, reserved 1048576K
}
Event: 6.501 GC heap after
{Heap after GC invocations=9 (full 0):
 garbage-first heap   total 157696K, used 43369K [0x0000000081600000, 0x0000000100000000)
  region size 1024K, 8 young (8192K), 8 survivors (8192K)
 Metaspace       used 51538K, capacity 52159K, committed 52252K, reserved 1095680K
  class space    used 5905K, capacity 6158K, committed 6216K, reserved 1048576K
}
Event: 7.451 GC heap before
{Heap before GC invocations=9 (full 0):
 garbage-first heap   total 157696K, used 100713K [0x0000000081600000, 0x0000000100000000)
  region size 1024K, 64 young (65536K), 8 survivors (8192K)
 Metaspace       used 54344K, capacity 54964K, committed 55068K, reserved 1097728K
  class space    used 6179K, capacity 6430K, committed 6472K, reserved 1048576K
}
Event: 7.483 GC heap after
{Heap after GC invocations=10 (full 0):
 garbage-first heap   total 157696K, used 51635K [0x0000000081600000, 0x0000000100000000)
  region size 1024K, 8 young (8192K), 8 survivors (8192K)
 Metaspace       used 54344K, capacity 54964K, committed 55068K, reserved 1097728K
  class space    used 6179K, capacity 6430K, committed 6472K, reserved 1048576K
}
Event: 8.873 GC heap before
{Heap before GC invocations=10 (full 0):
 garbage-first heap   total 157696K, used 107955K [0x0000000081600000, 0x0000000100000000)
  region size 1024K, 63 young (64512K), 8 survivors (8192K)
 Metaspace       used 57892K, capacity 58579K, committed 58652K, reserved 1101824K
  class space    used 6670K, capacity 6950K, committed 6984K, reserved 1048576K
}
Event: 8.914 GC heap after
{Heap after GC invocations=11 (full 0):
 garbage-first heap   total 157696K, used 59343K [0x0000000081600000, 0x0000000100000000)
  region size 1024K, 8 young (8192K), 8 survivors (8192K)
 Metaspace       used 57892K, capacity 58579K, committed 58652K, reserved 1101824K
  class space    used 6670K, capacity 6950K, committed 6984K, reserved 1048576K
}
Event: 10.637 GC heap before
{Heap before GC invocations=11 (full 0):
 garbage-first heap   total 157696K, used 113615K [0x0000000081600000, 0x0000000100000000)
  region size 1024K, 61 young (62464K), 8 survivors (8192K)
 Metaspace       used 61492K, capacity 62200K, committed 62364K, reserved 1103872K
  class space    used 7000K, capacity 7284K, committed 7368K, reserved 1048576K
}

Deoptimization events (20 events):
Event: 10.514 Thread 0x0000010f796a8800 Uncommon trap: trap_request=0xffffffc6 fr.pc=0x0000010f07bc7714 relative=0x0000000000000074
Event: 10.514 Thread 0x0000010f796a8800 Uncommon trap: reason=bimorphic_or_optimized_type_check action=maybe_recompile pc=0x0000010f07bc7714 method=java.util.Collections$UnmodifiableCollection.size()I @ 4 c2
Event: 10.514 Thread 0x0000010f796a8800 DEOPT PACKING pc=0x0000010f07bc7714 sp=0x0000000995cfcd10
Event: 10.514 Thread 0x0000010f796a8800 DEOPT UNPACKING pc=0x0000010f0004a1af sp=0x0000000995cfcc98 mode 2
Event: 10.554 Thread 0x0000010f796a8800 Uncommon trap: trap_request=0xffffffc6 fr.pc=0x0000010f07e35640 relative=0x0000000000000100
Event: 10.554 Thread 0x0000010f796a8800 Uncommon trap: reason=bimorphic_or_optimized_type_check action=maybe_recompile pc=0x0000010f07e35640 method=org.jetbrains.kotlin.types.KotlinTypeKt.isError(Lorg/jetbrains/kotlin/types/KotlinType;)Z @ 42 c2
Event: 10.554 Thread 0x0000010f796a8800 DEOPT PACKING pc=0x0000010f07e35640 sp=0x0000000995cfcd30
Event: 10.554 Thread 0x0000010f796a8800 DEOPT UNPACKING pc=0x0000010f0004a1af sp=0x0000000995cfcca0 mode 2
Event: 10.583 Thread 0x0000010f796a8800 Uncommon trap: trap_request=0xffffff4d fr.pc=0x0000010f07dd7930 relative=0x00000000000004f0
Event: 10.583 Thread 0x0000010f796a8800 Uncommon trap: reason=unstable_if action=reinterpret pc=0x0000010f07dd7930 method=java.lang.AbstractStringBuilder.putStringAt(ILjava/lang/String;)V @ 8 c2
Event: 10.583 Thread 0x0000010f796a8800 DEOPT PACKING pc=0x0000010f07dd7930 sp=0x0000000995cfcb90
Event: 10.583 Thread 0x0000010f796a8800 DEOPT UNPACKING pc=0x0000010f0004a1af sp=0x0000000995cfcaa8 mode 2
Event: 10.583 Thread 0x0000010f796a8800 Uncommon trap: trap_request=0xffffff4d fr.pc=0x0000010f07af5f40 relative=0x0000000000000380
Event: 10.583 Thread 0x0000010f796a8800 Uncommon trap: reason=unstable_if action=reinterpret pc=0x0000010f07af5f40 method=java.lang.AbstractStringBuilder.isLatin1()Z @ 10 c2
Event: 10.583 Thread 0x0000010f796a8800 DEOPT PACKING pc=0x0000010f07af5f40 sp=0x0000000995cfcbb0
Event: 10.583 Thread 0x0000010f796a8800 DEOPT UNPACKING pc=0x0000010f0004a1af sp=0x0000000995cfcb30 mode 2
Event: 10.586 Thread 0x0000010f796a8800 Uncommon trap: trap_request=0xffffff4d fr.pc=0x0000010f07ddde2c relative=0x00000000000004ec
Event: 10.586 Thread 0x0000010f796a8800 Uncommon trap: reason=unstable_if action=reinterpret pc=0x0000010f07ddde2c method=java.lang.AbstractStringBuilder.putStringAt(ILjava/lang/String;)V @ 8 c2
Event: 10.586 Thread 0x0000010f796a8800 DEOPT PACKING pc=0x0000010f07ddde2c sp=0x0000000995cfcb40
Event: 10.586 Thread 0x0000010f796a8800 DEOPT UNPACKING pc=0x0000010f0004a1af sp=0x0000000995cfcab0 mode 2

Classes redefined (0 events):
No events

Internal exceptions (20 events):
Event: 5.958 Thread 0x0000010f796a8800 Exception <a 'java/lang/NoSuchMethodError'{0x0000000088bc2ce0}: 'java.lang.Object java.lang.invoke.DirectMethodHandle$Holder.invokeStaticInit(java.lang.Object, java.lang.Object, java.lang.Object)'> (0x0000000088bc2ce0) thrown at [./src/hotspot/share/interpreter/linkResolver.cpp, line 773]
Event: 6.797 Thread 0x0000010f796a8800 Exception <a 'java/lang/NoSuchMethodError'{0x0000000089a973d0}: 'java.lang.Object java.lang.invoke.Invokers$Holder.linkToTargetMethod(java.lang.Object, java.lang.Object, java.lang.Object, java.lang.Object, java.lang.Object, java.lang.Object)'> (0x0000000089a973d0) thrown at [./src/hotspot/share/interpreter/linkResolver.cpp, line 773]
Event: 7.660 Thread 0x0000010f796a8800 Exception <a 'java/lang/NoSuchMethodError'{0x000000008a8f6058}: 'java.lang.Object java.lang.invoke.DirectMethodHandle$Holder.invokeSpecial(java.lang.Object, java.lang.Object, java.lang.Object, java.lang.Object, java.lang.Object, java.lang.Object, java.lang.Object, java.lang.Object, java.lang.Object)'> (0x000000008a8f6058) thrown at [./src/hotspot/share/interpreter/linkResolver.cpp, line 773]
Event: 7.661 Thread 0x0000010f796a8800 Exception <a 'java/lang/NoSuchMethodError'{0x000000008a8fa250}: 'java.lang.Object java.lang.invoke.Invokers$Holder.linkToTargetMethod(java.lang.Object, java.lang.Object, java.lang.Object, java.lang.Object, java.lang.Object, java.lang.Object, java.lang.Object, java.lang.Object)'> (0x000000008a8fa250) thrown at [./src/hotspot/share/interpreter/linkResolver.cpp, line 773]
Event: 7.678 Thread 0x0000010f796a8800 Exception <a 'java/lang/NoSuchMethodError'{0x000000008a75c198}: 'java.lang.Object java.lang.invoke.DirectMethodHandle$Holder.invokeStatic(java.lang.Object, int, java.lang.Object, java.lang.Object)'> (0x000000008a75c198) thrown at [./src/hotspot/share/interpreter/linkResolver.cpp, line 773]
Event: 7.680 Thread 0x0000010f796a8800 Exception <a 'java/lang/NoSuchMethodError'{0x000000008a766668}: 'int java.lang.invoke.DirectMethodHandle$Holder.invokeInterface(java.lang.Object, java.lang.Object)'> (0x000000008a766668) thrown at [./src/hotspot/share/interpreter/linkResolver.cpp, line 773]
Event: 7.839 Thread 0x0000010f796a8800 Exception <a 'java/lang/NoSuchMethodError'{0x000000008a2c1418}: 'java.lang.Object java.lang.invoke.Invokers$Holder.linkToTargetMethod(java.lang.Object, java.lang.Object, java.lang.Object, java.lang.Object, java.lang.Object, java.lang.Object, java.lang.Object)'> (0x000000008a2c1418) thrown at [./src/hotspot/share/interpreter/linkResolver.cpp, line 773]
Event: 8.027 Thread 0x0000010f796a8800 Implicit null exception at 0x0000010f07c120cc to 0x0000010f07c121a8
Event: 8.031 Thread 0x0000010f796a8800 Implicit null exception at 0x0000010f07ccc27c to 0x0000010f07cccd1c
Event: 8.054 Thread 0x0000010f796a8800 Exception <a 'java/lang/NoSuchMethodError'{0x0000000089b290f0}: 'java.lang.Object java.lang.invoke.DirectMethodHandle$Holder.invokeInterface(java.lang.Object, java.lang.Object, java.lang.Object)'> (0x0000000089b290f0) thrown at [./src/hotspot/share/interpreter/linkResolver.cpp, line 773]
Event: 8.055 Thread 0x0000010f796a8800 Exception <a 'java/lang/IncompatibleClassChangeError'{0x0000000089b2c320}: Found class java.lang.Object, but interface was expected> (0x0000000089b2c320) thrown at [./src/hotspot/share/interpreter/linkResolver.cpp, line 839]
Event: 8.069 Thread 0x0000010f796a8800 Implicit null exception at 0x0000010f07ada777 to 0x0000010f07adac74
Event: 8.129 Thread 0x0000010f796a8800 Exception <a 'java/lang/NoSuchMethodError'{0x000000008994a8f0}: 'java.lang.Object java.lang.invoke.Invokers$Holder.linkToTargetMethod(java.lang.Object, java.lang.Object, java.lang.Object, int, int, java.lang.Object)'> (0x000000008994a8f0) thrown at [./src/hotspot/share/interpreter/linkResolver.cpp, line 773]
Event: 8.142 Thread 0x0000010f796a8800 Implicit null exception at 0x0000010f07adb274 to 0x0000010f07adb788
Event: 8.214 Thread 0x0000010f796a8800 Implicit null exception at 0x0000010f07d3b93c to 0x0000010f07d3c3e4
Event: 8.709 Thread 0x0000010f796a8800 Exception <a 'java/lang/NoSuchMethodError'{0x0000000087d954d0}: 'int java.lang.invoke.DirectMethodHandle$Holder.invokeStaticInit(java.lang.Object, int)'> (0x0000000087d954d0) thrown at [./src/hotspot/share/interpreter/linkResolver.cpp, line 773]
Event: 8.777 Thread 0x0000010f796a8800 Exception <a 'java/lang/NoSuchMethodError'{0x0000000087b98db0}: 'int java.lang.invoke.DirectMethodHandle$Holder.invokeVirtual(java.lang.Object, java.lang.Object, java.lang.Object)'> (0x0000000087b98db0) thrown at [./src/hotspot/share/interpreter/linkResolver.cpp, line 773]
Event: 8.816 Thread 0x0000010f796a8800 Exception <a 'java/lang/NoSuchMethodError'{0x0000000087a786d0}: 'java.lang.Object java.lang.invoke.DirectMethodHandle$Holder.invokeSpecial(java.lang.Object, java.lang.Object, java.lang.Object, java.lang.Object, java.lang.Object, int)'> (0x0000000087a786d0) thrown at [./src/hotspot/share/interpreter/linkResolver.cpp, line 773]
Event: 8.816 Thread 0x0000010f796a8800 Exception <a 'java/lang/NoSuchMethodError'{0x0000000087a7c518}: 'java.lang.Object java.lang.invoke.Invokers$Holder.linkToTargetMethod(java.lang.Object, java.lang.Object, java.lang.Object, int, java.lang.Object)'> (0x0000000087a7c518) thrown at [./src/hotspot/share/interpreter/linkResolver.cpp, line 773]
Event: 9.104 Thread 0x0000010f796a8800 Exception <a 'java/lang/IncompatibleClassChangeError'{0x000000008ab93d98}: Found class java.lang.Object, but interface was expected> (0x000000008ab93d98) thrown at [./src/hotspot/share/interpreter/linkResolver.cpp, line 839]

Events (20 events):
Event: 10.546 loading class org/jetbrains/kotlin/types/checker/UtilsKt done
Event: 10.547 loading class org/jetbrains/kotlin/types/checker/SubtypePathNode
Event: 10.547 loading class org/jetbrains/kotlin/types/checker/SubtypePathNode done
Event: 10.549 loading class org/jetbrains/kotlin/types/SimpleTypeWithEnhancement
Event: 10.549 loading class org/jetbrains/kotlin/types/SimpleTypeWithEnhancement done
Event: 10.550 loading class org/jetbrains/kotlin/types/FlexibleTypeWithEnhancement
Event: 10.550 loading class org/jetbrains/kotlin/types/FlexibleTypeWithEnhancement done
Event: 10.550 loading class org/jetbrains/kotlin/builtins/jvm/JvmBuiltInsCustomizer$isMutabilityViolation$1
Event: 10.550 loading class org/jetbrains/kotlin/builtins/jvm/JvmBuiltInsCustomizer$isMutabilityViolation$1 done
Event: 10.551 loading class org/jetbrains/kotlin/builtins/jvm/JvmBuiltInsCustomizer$isMutabilityViolation$2
Event: 10.551 loading class org/jetbrains/kotlin/builtins/jvm/JvmBuiltInsCustomizer$isMutabilityViolation$2 done
Event: 10.551 loading class org/jetbrains/kotlin/builtins/jvm/JvmBuiltInsCustomizer$getJdkMethodStatus$1
Event: 10.551 loading class org/jetbrains/kotlin/builtins/jvm/JvmBuiltInsCustomizer$getJdkMethodStatus$1 done
Event: 10.552 loading class org/jetbrains/kotlin/builtins/jvm/JvmBuiltInsCustomizer$getJdkMethodStatus$2
Event: 10.552 loading class org/jetbrains/kotlin/builtins/jvm/JvmBuiltInsCustomizer$getJdkMethodStatus$2 done
Event: 10.552 loading class org/jetbrains/kotlin/builtins/jvm/JvmBuiltInsCustomizer$JDKMemberStatus
Event: 10.552 loading class org/jetbrains/kotlin/builtins/jvm/JvmBuiltInsCustomizer$JDKMemberStatus done
Event: 10.553 loading class org/jetbrains/kotlin/builtins/jvm/JvmBuiltInsCustomizer$WhenMappings
Event: 10.553 loading class org/jetbrains/kotlin/builtins/jvm/JvmBuiltInsCustomizer$WhenMappings done
Event: 10.636 Executing VM operation: G1CollectForAllocation


Dynamic libraries:
0x00007ff779590000 - 0x00007ff77959a000 	C:\Program Files\Android\Android Studio\jre\bin\java.exe
0x00007ffa6dd50000 - 0x00007ffa6df45000 	C:\WINDOWS\SYSTEM32\ntdll.dll
0x00007ffa6c970000 - 0x00007ffa6ca2d000 	C:\WINDOWS\System32\KERNEL32.DLL
0x00007ffa6b4f0000 - 0x00007ffa6b7b8000 	C:\WINDOWS\System32\KERNELBASE.dll
0x00007ffa6bcc0000 - 0x00007ffa6bdc0000 	C:\WINDOWS\System32\ucrtbase.dll
0x00007ffa65dc0000 - 0x00007ffa65dd9000 	C:\Program Files\Android\Android Studio\jre\bin\jli.dll
0x00007ffa657e0000 - 0x00007ffa657f7000 	C:\Program Files\Android\Android Studio\jre\bin\VCRUNTIME140.dll
0x00007ffa6daa0000 - 0x00007ffa6dc40000 	C:\WINDOWS\System32\USER32.dll
0x00007ffa6b490000 - 0x00007ffa6b4b2000 	C:\WINDOWS\System32\win32u.dll
0x00007ffa5f670000 - 0x00007ffa5f90a000 	C:\WINDOWS\WinSxS\amd64_microsoft.windows.common-controls_6595b64144ccf1df_6.0.19041.1052_none_60b8f8fd71f5e8cb\COMCTL32.dll
0x00007ffa6d4d0000 - 0x00007ffa6d56e000 	C:\WINDOWS\System32\msvcrt.dll
0x00007ffa6d8e0000 - 0x00007ffa6d90a000 	C:\WINDOWS\System32\GDI32.dll
0x00007ffa6b900000 - 0x00007ffa6ba0b000 	C:\WINDOWS\System32\gdi32full.dll
0x00007ffa6bb70000 - 0x00007ffa6bc0d000 	C:\WINDOWS\System32\msvcp_win.dll
0x00007ffa6d050000 - 0x00007ffa6d080000 	C:\WINDOWS\System32\IMM32.DLL
0x00007ffa3ca70000 - 0x00007ffa3cb0d000 	C:\Program Files\Android\Android Studio\jre\bin\msvcp140.dll
0x00007ffa31e00000 - 0x00007ffa328e5000 	C:\Program Files\Android\Android Studio\jre\bin\server\jvm.dll
0x00007ffa6d570000 - 0x00007ffa6d61c000 	C:\WINDOWS\System32\ADVAPI32.dll
0x00007ffa6c050000 - 0x00007ffa6c0eb000 	C:\WINDOWS\System32\sechost.dll
0x00007ffa6c840000 - 0x00007ffa6c96b000 	C:\WINDOWS\System32\RPCRT4.dll
0x00007ffa6d160000 - 0x00007ffa6d168000 	C:\WINDOWS\System32\PSAPI.DLL
0x00007ffa67bd0000 - 0x00007ffa67bd9000 	C:\WINDOWS\SYSTEM32\WSOCK32.dll
0x00007ffa5ca80000 - 0x00007ffa5caa7000 	C:\WINDOWS\SYSTEM32\WINMM.dll
0x00007ffa6d080000 - 0x00007ffa6d0eb000 	C:\WINDOWS\System32\WS2_32.dll
0x00007ffa5d1a0000 - 0x00007ffa5d1aa000 	C:\WINDOWS\SYSTEM32\VERSION.dll
0x00007ffa693e0000 - 0x00007ffa693f2000 	C:\WINDOWS\SYSTEM32\kernel.appcore.dll
0x00007ffa66d60000 - 0x00007ffa66d71000 	C:\Program Files\Android\Android Studio\jre\bin\verify.dll
0x00007ffa57660000 - 0x00007ffa57844000 	C:\WINDOWS\SYSTEM32\DBGHELP.DLL
0x00007ffa55ff0000 - 0x00007ffa5601c000 	C:\WINDOWS\SYSTEM32\dbgcore.DLL
0x00007ffa6b7c0000 - 0x00007ffa6b843000 	C:\WINDOWS\System32\bcryptPrimitives.dll
0x00007ffa60390000 - 0x00007ffa603b9000 	C:\Program Files\Android\Android Studio\jre\bin\java.dll
0x00007ffa66df0000 - 0x00007ffa66dfb000 	C:\Program Files\Android\Android Studio\jre\bin\jimage.dll
0x00007ffa5fed0000 - 0x00007ffa5fee8000 	C:\Program Files\Android\Android Studio\jre\bin\zip.dll
0x00007ffa6c0f0000 - 0x00007ffa6c82f000 	C:\WINDOWS\System32\SHELL32.dll
0x00007ffa695e0000 - 0x00007ffa69d70000 	C:\WINDOWS\SYSTEM32\windows.storage.dll
0x00007ffa6d170000 - 0x00007ffa6d4c5000 	C:\WINDOWS\System32\combase.dll
0x00007ffa6af00000 - 0x00007ffa6af2c000 	C:\WINDOWS\SYSTEM32\Wldp.dll
0x00007ffa6bdc0000 - 0x00007ffa6be6e000 	C:\WINDOWS\System32\SHCORE.dll
0x00007ffa6d100000 - 0x00007ffa6d155000 	C:\WINDOWS\System32\shlwapi.dll
0x00007ffa6b3d0000 - 0x00007ffa6b3ef000 	C:\WINDOWS\SYSTEM32\profapi.dll
0x00007ffa5feb0000 - 0x00007ffa5feca000 	C:\Program Files\Android\Android Studio\jre\bin\net.dll
0x00007ffa5cc50000 - 0x00007ffa5cd5b000 	C:\WINDOWS\SYSTEM32\WINHTTP.dll
0x00007ffa6ac70000 - 0x00007ffa6acda000 	C:\WINDOWS\system32\mswsock.dll
0x00007ffa5fe90000 - 0x00007ffa5fea4000 	C:\Program Files\Android\Android Studio\jre\bin\nio.dll

dbghelp: loaded successfully - version: 4.0.5 - missing functions: none
symbol engine: initialized successfully - sym options: 0x614 - pdb path: .;C:\Program Files\Android\Android Studio\jre\bin;C:\WINDOWS\SYSTEM32;C:\WINDOWS\WinSxS\amd64_microsoft.windows.common-controls_6595b64144ccf1df_6.0.19041.1052_none_60b8f8fd71f5e8cb;C:\Program Files\Android\Android Studio\jre\bin\server

VM Arguments:
java_command: org.jetbrains.kotlin.cli.jvm.K2JVMCompiler @C:\Users\rsw14\Documents\ThreeFun_Android\retrofit\app\build\20220522_3081961975085987713.compiler.options
java_class_path (initial): C:\Users\rsw14\.gradle\caches\modules-2\files-2.1\org.jetbrains.kotlin\kotlin-compiler-embeddable\1.5.0\6e53e0ca3cf7eff1a4df71171c8f9604b983e1d6\kotlin-compiler-embeddable-1.5.0.jar;C:\Users\rsw14\.gradle\caches\modules-2\files-2.1\org.jetbrains.kotlin\kotlin-reflect\1.5.0\47806fe8ed30dbdf9e697eda5e9c9a3905ff3363\kotlin-reflect-1.5.0.jar;C:\Users\rsw14\.gradle\caches\modules-2\files-2.1\org.jetbrains.kotlin\kotlin-stdlib\1.5.0\29dae2501ca094416d15af0e21470cb634780444\kotlin-stdlib-1.5.0.jar;C:\Users\rsw14\.gradle\caches\modules-2\files-2.1\org.jetbrains.kotlin\kotlin-script-runtime\1.5.0\a2d66828077376fc1851a6fdbf25865935f4101d\kotlin-script-runtime-1.5.0.jar;C:\Users\rsw14\.gradle\caches\modules-2\files-2.1\org.jetbrains.kotlin\kotlin-daemon-embeddable\1.5.0\7f3567acfef59ff865a99a584d814bde87226dd5\kotlin-daemon-embeddable-1.5.0.jar;C:\Users\rsw14\.gradle\caches\modules-2\files-2.1\org.jetbrains.intellij.deps\trove4j\1.0.20181211\216c2e14b070f334479d800987affe4054cd563f\trove4j-1.0.20181211.jar;C:\Users\rsw14\.gradle\caches\modules-2\files-2.1\org.jetbrains\annotations\13.0\919f0dfe192fb4e063e7dacadee7f8bb9a2672a9\annotations-13.0.jar;C:\Users\rsw14\.gradle\caches\modules-2\files-2.1\org.jetbrains.kotlin\kotlin-stdlib-common\1.5.0\4080d69efca5e39e9b4972f125e40f1607bd6460\kotlin-stdlib-common-1.5.0.jar
Launcher Type: SUN_STANDARD

[Global flags]
     intx CICompilerCount                          = 3                                         {product} {ergonomic}
     uint ConcGCThreads                            = 1                                         {product} {ergonomic}
     uint G1ConcRefinementThreads                  = 4                                         {product} {ergonomic}
   size_t G1HeapRegionSize                         = 1048576                                   {product} {ergonomic}
    uintx GCDrainStackTargetSize                   = 64                                        {product} {ergonomic}
   size_t InitialHeapSize                          = 134217728                                 {product} {ergonomic}
   size_t MarkStackSize                            = 4194304                                   {product} {ergonomic}
   size_t MaxHeapSize                              = 2124414976                                {product} {ergonomic}
   size_t MaxNewSize                               = 1274019840                                {product} {ergonomic}
   size_t MinHeapDeltaBytes                        = 1048576                                   {product} {ergonomic}
    uintx NonNMethodCodeHeapSize                   = 5830732                                {pd product} {ergonomic}
    uintx NonProfiledCodeHeapSize                  = 122913754                              {pd product} {ergonomic}
    uintx ProfiledCodeHeapSize                     = 122913754                              {pd product} {ergonomic}
    uintx ReservedCodeCacheSize                    = 251658240                              {pd product} {ergonomic}
     bool SegmentedCodeCache                       = true                                      {product} {ergonomic}
     bool UseCompressedClassPointers               = true                                 {lp64_product} {ergonomic}
     bool UseCompressedOops                        = true                                 {lp64_product} {ergonomic}
     bool UseG1GC                                  = true                                      {product} {ergonomic}
     bool UseLargePagesIndividualAllocation        = false                                  {pd product} {ergonomic}

Logging:
Log output configuration:
 #0: stdout all=warning uptime,level,tags
 #1: stderr all=off uptime,level,tags

Environment Variables:
PATH=C:\WINDOWS\system32;C:\WINDOWS;C:\WINDOWS\System32\Wbem;C:\WINDOWS\System32\WindowsPowerShell\v1.0\;C:\WINDOWS\System32\OpenSSH\;C:\Program Files\Bandizip\;C:\Program Files\Git\cmd;C:\Users\rsw14\AppData\Local\Microsoft\WindowsApps;
USERNAME=rsw14
OS=Windows_NT
PROCESSOR_IDENTIFIER=Intel64 Family 6 Model 69 Stepping 1, GenuineIntel



---------------  S Y S T E M  ---------------

OS: Windows 10 , 64 bit Build 19041 (10.0.19041.1023)
OS uptime: 1 days 11:58 hours

CPU:total 4 (initial active 4) (2 cores per cpu, 2 threads per core) family 6 model 69 stepping 1 microcode 0x26, cmov, cx8, fxsr, mmx, sse, sse2, sse3, ssse3, sse4.1, sse4.2, popcnt, avx, avx2, aes, clmul, erms, lzcnt, ht, tsc, tscinvbit, bmi1, bmi2, fma

Memory: 4k page, system-wide physical 8099M (502M free)
TotalPageFile size 32675M (AvailPageFile size 37M)
current process WorkingSet (physical memory assigned to process): 308M, peak: 326M
current process commit charge ("private bytes"): 346M, peak: 396M

vm_info: OpenJDK 64-Bit Server VM (11.0.12+7-b1504.28-7817840) for windows-amd64 JRE (11.0.12+7-b1504.28-7817840), built on Oct 13 2021 22:12:33 by "builder" with MS VC++ 14.0 (VS2015)

END.
