#
# There is insufficient memory for the Java Runtime Environment to continue.
# Native memory allocation (malloc) failed to allocate 1826416 bytes for Chunk::new
# Possible reasons:
#   The system is out of physical RAM or swap space
#   The process is running with CompressedOops enabled, and the Java Heap may be blocking the growth of the native heap
# Possible solutions:
#   Reduce memory load on the system
#   Increase physical memory or swap space
#   Check if swap backing store is full
#   Decrease Java heap size (-Xmx/-Xms)
#   Decrease number of Java threads
#   Decrease Java thread stack sizes (-Xss)
#   Set larger code cache with -XX:ReservedCodeCacheSize=
#   JVM is running with Unscaled Compressed Oops mode in which the Java heap is
#     placed in the first 4GB address space. The Java Heap base address is the
#     maximum limit for the native heap growth. Please use -XX:HeapBaseMinAddress
#     to set the Java Heap base and to place the Java Heap above 4GB virtual address.
# This output file may be truncated or incomplete.
#
#  Out of Memory Error (./src/hotspot/share/memory/arena.cpp:197), pid=8540, tid=10460
#
# JRE version: OpenJDK Runtime Environment (11.0.12+7) (build 11.0.12+7-b1504.28-7817840)
# Java VM: OpenJDK 64-Bit Server VM (11.0.12+7-b1504.28-7817840, mixed mode, tiered, compressed oops, g1 gc, windows-amd64)
# No core dump will be written. Minidumps are not enabled by default on client versions of Windows
#

---------------  S U M M A R Y ------------

Command Line: org.jetbrains.kotlin.cli.jvm.K2JVMCompiler @C:\Users\rsw14\Documents\ThreeFun_Android\retrofit\app\build\20220522_15946075569996633684.compiler.options

Host: Intel(R) Core(TM) i7-4500U CPU @ 1.80GHz, 4 cores, 7G,  Windows 10 , 64 bit Build 19041 (10.0.19041.1023)
Time: Sun May 22 11:48:01 2022 대한민국 표준시 elapsed time: 7.367518 seconds (0d 0h 0m 7s)

---------------  T H R E A D  ---------------

Current thread (0x0000023fca24e800):  JavaThread "C2 CompilerThread0" daemon [_thread_in_native, id=10460, stack(0x000000c893a00000,0x000000c893b00000)]


Current CompileTask:
C2:   7367 4102       4       org.jetbrains.kotlin.com.intellij.lang.impl.PsiBuilderImpl::insertLeaves (88 bytes)

Stack: [0x000000c893a00000,0x000000c893b00000]
Native frames: (J=compiled Java code, j=interpreted, Vv=VM code, C=native code)
V  [jvm.dll+0x5fbcea]
V  [jvm.dll+0x731905]
V  [jvm.dll+0x732f1d]
V  [jvm.dll+0x7335d3]
V  [jvm.dll+0x247bf8]
V  [jvm.dll+0xc018c]
V  [jvm.dll+0xc06cc]
V  [jvm.dll+0x35b2db]
V  [jvm.dll+0x328803]
V  [jvm.dll+0x327cfa]
V  [jvm.dll+0x200602]
V  [jvm.dll+0x1ff794]
V  [jvm.dll+0x18868c]
V  [jvm.dll+0x20e0d7]
V  [jvm.dll+0x20c901]
V  [jvm.dll+0x6f9b7f]
V  [jvm.dll+0x6f26a5]
V  [jvm.dll+0x5fabf6]
C  [ucrtbase.dll+0x21bb2]
C  [KERNEL32.DLL+0x17034]
C  [ntdll.dll+0x52651]


---------------  P R O C E S S  ---------------

Threads class SMR info:
_java_thread_list=0x0000023fcb3d1fb0, length=11, elements={
0x0000023fae758800, 0x0000023fca215800, 0x0000023fca217000, 0x0000023fca242000,
0x0000023fca243000, 0x0000023fca247800, 0x0000023fca24e800, 0x0000023fca251800,
0x0000023fca253800, 0x0000023fcacb1800, 0x0000023fcb341000
}

Java Threads: ( => current thread )
  0x0000023fae758800 JavaThread "main" [_thread_in_Java, id=9304, stack(0x000000c892e00000,0x000000c892f00000)]
  0x0000023fca215800 JavaThread "Reference Handler" daemon [_thread_blocked, id=14452, stack(0x000000c893500000,0x000000c893600000)]
  0x0000023fca217000 JavaThread "Finalizer" daemon [_thread_blocked, id=15092, stack(0x000000c893600000,0x000000c893700000)]
  0x0000023fca242000 JavaThread "Signal Dispatcher" daemon [_thread_blocked, id=13684, stack(0x000000c893700000,0x000000c893800000)]
  0x0000023fca243000 JavaThread "Attach Listener" daemon [_thread_blocked, id=1988, stack(0x000000c893800000,0x000000c893900000)]
  0x0000023fca247800 JavaThread "Service Thread" daemon [_thread_blocked, id=7952, stack(0x000000c893900000,0x000000c893a00000)]
=>0x0000023fca24e800 JavaThread "C2 CompilerThread0" daemon [_thread_in_native, id=10460, stack(0x000000c893a00000,0x000000c893b00000)]
  0x0000023fca251800 JavaThread "C1 CompilerThread0" daemon [_thread_in_native, id=13376, stack(0x000000c893b00000,0x000000c893c00000)]
  0x0000023fca253800 JavaThread "Sweeper thread" daemon [_thread_blocked, id=5152, stack(0x000000c893c00000,0x000000c893d00000)]
  0x0000023fcacb1800 JavaThread "Common-Cleaner" daemon [_thread_blocked, id=12256, stack(0x000000c893e00000,0x000000c893f00000)]
  0x0000023fcb341000 JavaThread "C2 CompilerThread1" daemon [_thread_in_native, id=5972, stack(0x000000c894100000,0x000000c894200000)]

Other Threads:
  0x0000023fca1eb800 VMThread "VM Thread" [stack: 0x000000c893400000,0x000000c893500000] [id=13128]
  0x0000023fcaca8800 WatcherThread [stack: 0x000000c893d00000,0x000000c893e00000] [id=2868]
  0x0000023fae771800 GCTaskThread "GC Thread#0" [stack: 0x000000c892f00000,0x000000c893000000] [id=4488]
  0x0000023fcb124800 GCTaskThread "GC Thread#1" [stack: 0x000000c893f00000,0x000000c894000000] [id=7816]
  0x0000023fcb1ae800 GCTaskThread "GC Thread#2" [stack: 0x000000c894000000,0x000000c894100000] [id=1540]
  0x0000023fae7a1000 ConcurrentGCThread "G1 Main Marker" [stack: 0x000000c893000000,0x000000c893100000] [id=5984]
  0x0000023fae7a2800 ConcurrentGCThread "G1 Conc#0" [stack: 0x000000c893100000,0x000000c893200000] [id=12304]
  0x0000023fae836000 ConcurrentGCThread "G1 Refine#0" [stack: 0x000000c893200000,0x000000c893300000] [id=2600]
  0x0000023fcc206800 ConcurrentGCThread "G1 Refine#1" [stack: 0x000000c894200000,0x000000c894300000] [id=1204]
  0x0000023fae837000 ConcurrentGCThread "G1 Young RemSet Sampling" [stack: 0x000000c893300000,0x000000c893400000] [id=12400]

Threads with active compile tasks:
C2 CompilerThread0   7415 4102       4       org.jetbrains.kotlin.com.intellij.lang.impl.PsiBuilderImpl::insertLeaves (88 bytes)
C1 CompilerThread0   7415 4338       3       org.jetbrains.kotlin.serialization.deserialization.descriptors.DeserializedMemberScope::hasClass (17 bytes)
C2 CompilerThread1   7415 4335       4       java.util.regex.Matcher::reset (128 bytes)

VM state:not at safepoint (normal execution)

VM Mutex/Monitor currently owned by a thread: None

Heap address: 0x0000000081600000, size: 2026 MB, Compressed Oops mode: 32-bit
Narrow klass base: 0x0000000000000000, Narrow klass shift: 3
Compressed class space size: 1073741824 Address: 0x0000000100000000

Heap:
 garbage-first heap   total 157696K, used 53248K [0x0000000081600000, 0x0000000100000000)
  region size 1024K, 27 young (27648K), 7 survivors (7168K)
 Metaspace       used 48832K, capacity 49488K, committed 49692K, reserved 1093632K
  class space    used 5658K, capacity 5888K, committed 5960K, reserved 1048576K
Heap Regions: E=young(eden), S=young(survivor), O=old, HS=humongous(starts), HC=humongous(continues), CS=collection set, F=free, A=archive, TAMS=top-at-mark-start (previous, next)
|   0|0x0000000081600000, 0x0000000081700000, 0x0000000081700000|100%|HS|  |TAMS 0x0000000081700000, 0x0000000081600000| Complete 
|   1|0x0000000081700000, 0x0000000081800000, 0x0000000081800000|100%|HC|  |TAMS 0x0000000081800000, 0x0000000081700000| Complete 
|   2|0x0000000081800000, 0x0000000081900000, 0x0000000081900000|100%|HC|  |TAMS 0x0000000081900000, 0x0000000081800000| Complete 
|   3|0x0000000081900000, 0x0000000081a00000, 0x0000000081a00000|100%| O|  |TAMS 0x0000000081a00000, 0x0000000081900000| Untracked 
|   4|0x0000000081a00000, 0x0000000081b00000, 0x0000000081b00000|100%| O|  |TAMS 0x0000000081b00000, 0x0000000081a00000| Untracked 
|   5|0x0000000081b00000, 0x0000000081c00000, 0x0000000081c00000|100%|HS|  |TAMS 0x0000000081c00000, 0x0000000081b00000| Complete 
|   6|0x0000000081c00000, 0x0000000081d00000, 0x0000000081d00000|100%|HC|  |TAMS 0x0000000081d00000, 0x0000000081c00000| Complete 
|   7|0x0000000081d00000, 0x0000000081e00000, 0x0000000081e00000|100%|HC|  |TAMS 0x0000000081e00000, 0x0000000081d00000| Complete 
|   8|0x0000000081e00000, 0x0000000081f00000, 0x0000000081f00000|100%|HS|  |TAMS 0x0000000081f00000, 0x0000000081e00000| Complete 
|   9|0x0000000081f00000, 0x0000000082000000, 0x0000000082000000|100%|HC|  |TAMS 0x0000000082000000, 0x0000000081f00000| Complete 
|  10|0x0000000082000000, 0x0000000082100000, 0x0000000082100000|100%|HC|  |TAMS 0x0000000082100000, 0x0000000082000000| Complete 
|  11|0x0000000082100000, 0x0000000082200000, 0x0000000082200000|100%|HS|  |TAMS 0x0000000082200000, 0x0000000082100000| Complete 
|  12|0x0000000082200000, 0x0000000082300000, 0x0000000082300000|100%|HC|  |TAMS 0x0000000082300000, 0x0000000082200000| Complete 
|  13|0x0000000082300000, 0x0000000082400000, 0x0000000082400000|100%| O|  |TAMS 0x0000000082400000, 0x0000000082300000| Untracked 
|  14|0x0000000082400000, 0x0000000082500000, 0x0000000082500000|100%| O|  |TAMS 0x0000000082500000, 0x0000000082400000| Untracked 
|  15|0x0000000082500000, 0x0000000082600000, 0x0000000082600000|100%| O|  |TAMS 0x0000000082600000, 0x0000000082500000| Untracked 
|  16|0x0000000082600000, 0x0000000082700000, 0x0000000082700000|100%| O|  |TAMS 0x0000000082700000, 0x0000000082600000| Untracked 
|  17|0x0000000082700000, 0x0000000082800000, 0x0000000082800000|100%| O|  |TAMS 0x0000000082800000, 0x0000000082700000| Untracked 
|  18|0x0000000082800000, 0x0000000082900000, 0x0000000082900000|100%| O|  |TAMS 0x0000000082900000, 0x0000000082800000| Untracked 
|  19|0x0000000082900000, 0x0000000082a00000, 0x0000000082a00000|100%| O|  |TAMS 0x0000000082a00000, 0x0000000082900000| Untracked 
|  20|0x0000000082a00000, 0x0000000082b00000, 0x0000000082b00000|100%| O|  |TAMS 0x0000000082b00000, 0x0000000082a00000| Untracked 
|  21|0x0000000082b00000, 0x0000000082c00000, 0x0000000082c00000|100%| O|  |TAMS 0x0000000082c00000, 0x0000000082b00000| Untracked 
|  22|0x0000000082c00000, 0x0000000082d00000, 0x0000000082d00000|100%| O|  |TAMS 0x0000000082d00000, 0x0000000082c00000| Untracked 
|  23|0x0000000082d00000, 0x0000000082e00000, 0x0000000082e00000|100%| O|  |TAMS 0x0000000082e00000, 0x0000000082d00000| Untracked 
|  24|0x0000000082e00000, 0x0000000082f00000, 0x0000000082f00000|100%| O|  |TAMS 0x0000000082f00000, 0x0000000082e00000| Untracked 
|  25|0x0000000082f00000, 0x0000000083000000, 0x0000000083000000|100%| O|  |TAMS 0x0000000083000000, 0x0000000082f00000| Untracked 
|  26|0x0000000083000000, 0x0000000083000000, 0x0000000083100000|  0%| F|  |TAMS 0x0000000083000000, 0x0000000083000000| Untracked 
|  27|0x0000000083100000, 0x0000000083100000, 0x0000000083200000|  0%| F|  |TAMS 0x0000000083100000, 0x0000000083100000| Untracked 
|  28|0x0000000083200000, 0x0000000083200000, 0x0000000083300000|  0%| F|  |TAMS 0x0000000083200000, 0x0000000083200000| Untracked 
|  29|0x0000000083300000, 0x0000000083300000, 0x0000000083400000|  0%| F|  |TAMS 0x0000000083300000, 0x0000000083300000| Untracked 
|  30|0x0000000083400000, 0x0000000083400000, 0x0000000083500000|  0%| F|  |TAMS 0x0000000083400000, 0x0000000083400000| Untracked 
|  31|0x0000000083500000, 0x0000000083500000, 0x0000000083600000|  0%| F|  |TAMS 0x0000000083500000, 0x0000000083500000| Untracked 
|  32|0x0000000083600000, 0x0000000083600000, 0x0000000083700000|  0%| F|  |TAMS 0x0000000083600000, 0x0000000083600000| Untracked 
|  33|0x0000000083700000, 0x0000000083700000, 0x0000000083800000|  0%| F|  |TAMS 0x0000000083700000, 0x0000000083700000| Untracked 
|  34|0x0000000083800000, 0x0000000083800000, 0x0000000083900000|  0%| F|  |TAMS 0x0000000083800000, 0x0000000083800000| Untracked 
|  35|0x0000000083900000, 0x0000000083900000, 0x0000000083a00000|  0%| F|  |TAMS 0x0000000083900000, 0x0000000083900000| Untracked 
|  36|0x0000000083a00000, 0x0000000083a00000, 0x0000000083b00000|  0%| F|  |TAMS 0x0000000083a00000, 0x0000000083a00000| Untracked 
|  37|0x0000000083b00000, 0x0000000083b00000, 0x0000000083c00000|  0%| F|  |TAMS 0x0000000083b00000, 0x0000000083b00000| Untracked 
|  38|0x0000000083c00000, 0x0000000083c00000, 0x0000000083d00000|  0%| F|  |TAMS 0x0000000083c00000, 0x0000000083c00000| Untracked 
|  39|0x0000000083d00000, 0x0000000083d00000, 0x0000000083e00000|  0%| F|  |TAMS 0x0000000083d00000, 0x0000000083d00000| Untracked 
|  40|0x0000000083e00000, 0x0000000083e00000, 0x0000000083f00000|  0%| F|  |TAMS 0x0000000083e00000, 0x0000000083e00000| Untracked 
|  41|0x0000000083f00000, 0x0000000083f00000, 0x0000000084000000|  0%| F|  |TAMS 0x0000000083f00000, 0x0000000083f00000| Untracked 
|  42|0x0000000084000000, 0x0000000084000000, 0x0000000084100000|  0%| F|  |TAMS 0x0000000084000000, 0x0000000084000000| Untracked 
|  43|0x0000000084100000, 0x0000000084100000, 0x0000000084200000|  0%| F|  |TAMS 0x0000000084100000, 0x0000000084100000| Untracked 
|  44|0x0000000084200000, 0x0000000084200000, 0x0000000084300000|  0%| F|  |TAMS 0x0000000084200000, 0x0000000084200000| Untracked 
|  45|0x0000000084300000, 0x0000000084300000, 0x0000000084400000|  0%| F|  |TAMS 0x0000000084300000, 0x0000000084300000| Untracked 
|  46|0x0000000084400000, 0x0000000084400000, 0x0000000084500000|  0%| F|  |TAMS 0x0000000084400000, 0x0000000084400000| Untracked 
|  47|0x0000000084500000, 0x0000000084500000, 0x0000000084600000|  0%| F|  |TAMS 0x0000000084500000, 0x0000000084500000| Untracked 
|  48|0x0000000084600000, 0x0000000084600000, 0x0000000084700000|  0%| F|  |TAMS 0x0000000084600000, 0x0000000084600000| Untracked 
|  49|0x0000000084700000, 0x0000000084700000, 0x0000000084800000|  0%| F|  |TAMS 0x0000000084700000, 0x0000000084700000| Untracked 
|  50|0x0000000084800000, 0x0000000084800000, 0x0000000084900000|  0%| F|  |TAMS 0x0000000084800000, 0x0000000084800000| Untracked 
|  51|0x0000000084900000, 0x0000000084900000, 0x0000000084a00000|  0%| F|  |TAMS 0x0000000084900000, 0x0000000084900000| Untracked 
|  52|0x0000000084a00000, 0x0000000084a00000, 0x0000000084b00000|  0%| F|  |TAMS 0x0000000084a00000, 0x0000000084a00000| Untracked 
|  53|0x0000000084b00000, 0x0000000084b00000, 0x0000000084c00000|  0%| F|  |TAMS 0x0000000084b00000, 0x0000000084b00000| Untracked 
|  54|0x0000000084c00000, 0x0000000084c00000, 0x0000000084d00000|  0%| F|  |TAMS 0x0000000084c00000, 0x0000000084c00000| Untracked 
|  55|0x0000000084d00000, 0x0000000084d00000, 0x0000000084e00000|  0%| F|  |TAMS 0x0000000084d00000, 0x0000000084d00000| Untracked 
|  56|0x0000000084e00000, 0x0000000084e00000, 0x0000000084f00000|  0%| F|  |TAMS 0x0000000084e00000, 0x0000000084e00000| Untracked 
|  57|0x0000000084f00000, 0x0000000084f00000, 0x0000000085000000|  0%| F|  |TAMS 0x0000000084f00000, 0x0000000084f00000| Untracked 
|  58|0x0000000085000000, 0x0000000085000000, 0x0000000085100000|  0%| F|  |TAMS 0x0000000085000000, 0x0000000085000000| Untracked 
|  59|0x0000000085100000, 0x0000000085100000, 0x0000000085200000|  0%| F|  |TAMS 0x0000000085100000, 0x0000000085100000| Untracked 
|  60|0x0000000085200000, 0x0000000085200000, 0x0000000085300000|  0%| F|  |TAMS 0x0000000085200000, 0x0000000085200000| Untracked 
|  61|0x0000000085300000, 0x0000000085300000, 0x0000000085400000|  0%| F|  |TAMS 0x0000000085300000, 0x0000000085300000| Untracked 
|  62|0x0000000085400000, 0x0000000085400000, 0x0000000085500000|  0%| F|  |TAMS 0x0000000085400000, 0x0000000085400000| Untracked 
|  63|0x0000000085500000, 0x0000000085500000, 0x0000000085600000|  0%| F|  |TAMS 0x0000000085500000, 0x0000000085500000| Untracked 
|  64|0x0000000085600000, 0x0000000085600000, 0x0000000085700000|  0%| F|  |TAMS 0x0000000085600000, 0x0000000085600000| Untracked 
|  65|0x0000000085700000, 0x0000000085800000, 0x0000000085800000|100%| S|CS|TAMS 0x0000000085700000, 0x0000000085700000| Complete 
|  66|0x0000000085800000, 0x0000000085900000, 0x0000000085900000|100%| S|CS|TAMS 0x0000000085800000, 0x0000000085800000| Complete 
|  67|0x0000000085900000, 0x0000000085a00000, 0x0000000085a00000|100%| S|CS|TAMS 0x0000000085900000, 0x0000000085900000| Complete 
|  68|0x0000000085a00000, 0x0000000085b00000, 0x0000000085b00000|100%| S|CS|TAMS 0x0000000085a00000, 0x0000000085a00000| Complete 
|  69|0x0000000085b00000, 0x0000000085c00000, 0x0000000085c00000|100%| S|CS|TAMS 0x0000000085b00000, 0x0000000085b00000| Complete 
|  70|0x0000000085c00000, 0x0000000085d00000, 0x0000000085d00000|100%| S|CS|TAMS 0x0000000085c00000, 0x0000000085c00000| Complete 
|  71|0x0000000085d00000, 0x0000000085e00000, 0x0000000085e00000|100%| S|CS|TAMS 0x0000000085d00000, 0x0000000085d00000| Complete 
|  72|0x0000000085e00000, 0x0000000085e00000, 0x0000000085f00000|  0%| F|  |TAMS 0x0000000085e00000, 0x0000000085e00000| Untracked 
|  73|0x0000000085f00000, 0x0000000085f00000, 0x0000000086000000|  0%| F|  |TAMS 0x0000000085f00000, 0x0000000085f00000| Untracked 
|  74|0x0000000086000000, 0x0000000086000000, 0x0000000086100000|  0%| F|  |TAMS 0x0000000086000000, 0x0000000086000000| Untracked 
|  75|0x0000000086100000, 0x0000000086100000, 0x0000000086200000|  0%| F|  |TAMS 0x0000000086100000, 0x0000000086100000| Untracked 
|  76|0x0000000086200000, 0x0000000086200000, 0x0000000086300000|  0%| F|  |TAMS 0x0000000086200000, 0x0000000086200000| Untracked 
|  77|0x0000000086300000, 0x0000000086300000, 0x0000000086400000|  0%| F|  |TAMS 0x0000000086300000, 0x0000000086300000| Untracked 
|  78|0x0000000086400000, 0x0000000086400000, 0x0000000086500000|  0%| F|  |TAMS 0x0000000086400000, 0x0000000086400000| Untracked 
|  79|0x0000000086500000, 0x0000000086500000, 0x0000000086600000|  0%| F|  |TAMS 0x0000000086500000, 0x0000000086500000| Untracked 
|  80|0x0000000086600000, 0x0000000086600000, 0x0000000086700000|  0%| F|  |TAMS 0x0000000086600000, 0x0000000086600000| Untracked 
|  81|0x0000000086700000, 0x0000000086700000, 0x0000000086800000|  0%| F|  |TAMS 0x0000000086700000, 0x0000000086700000| Untracked 
|  82|0x0000000086800000, 0x0000000086800000, 0x0000000086900000|  0%| F|  |TAMS 0x0000000086800000, 0x0000000086800000| Untracked 
|  83|0x0000000086900000, 0x0000000086900000, 0x0000000086a00000|  0%| F|  |TAMS 0x0000000086900000, 0x0000000086900000| Untracked 
|  84|0x0000000086a00000, 0x0000000086a00000, 0x0000000086b00000|  0%| F|  |TAMS 0x0000000086a00000, 0x0000000086a00000| Untracked 
|  85|0x0000000086b00000, 0x0000000086b00000, 0x0000000086c00000|  0%| F|  |TAMS 0x0000000086b00000, 0x0000000086b00000| Untracked 
|  86|0x0000000086c00000, 0x0000000086c00000, 0x0000000086d00000|  0%| F|  |TAMS 0x0000000086c00000, 0x0000000086c00000| Untracked 
|  87|0x0000000086d00000, 0x0000000086d00000, 0x0000000086e00000|  0%| F|  |TAMS 0x0000000086d00000, 0x0000000086d00000| Untracked 
|  88|0x0000000086e00000, 0x0000000086e00000, 0x0000000086f00000|  0%| F|  |TAMS 0x0000000086e00000, 0x0000000086e00000| Untracked 
|  89|0x0000000086f00000, 0x0000000086f00000, 0x0000000087000000|  0%| F|  |TAMS 0x0000000086f00000, 0x0000000086f00000| Untracked 
|  90|0x0000000087000000, 0x0000000087000000, 0x0000000087100000|  0%| F|  |TAMS 0x0000000087000000, 0x0000000087000000| Untracked 
|  91|0x0000000087100000, 0x0000000087100000, 0x0000000087200000|  0%| F|  |TAMS 0x0000000087100000, 0x0000000087100000| Untracked 
|  92|0x0000000087200000, 0x0000000087200000, 0x0000000087300000|  0%| F|  |TAMS 0x0000000087200000, 0x0000000087200000| Untracked 
|  93|0x0000000087300000, 0x0000000087300000, 0x0000000087400000|  0%| F|  |TAMS 0x0000000087300000, 0x0000000087300000| Untracked 
|  94|0x0000000087400000, 0x0000000087400000, 0x0000000087500000|  0%| F|  |TAMS 0x0000000087400000, 0x0000000087400000| Untracked 
|  95|0x0000000087500000, 0x0000000087500000, 0x0000000087600000|  0%| F|  |TAMS 0x0000000087500000, 0x0000000087500000| Untracked 
|  96|0x0000000087600000, 0x0000000087600000, 0x0000000087700000|  0%| F|  |TAMS 0x0000000087600000, 0x0000000087600000| Untracked 
|  97|0x0000000087700000, 0x0000000087700000, 0x0000000087800000|  0%| F|  |TAMS 0x0000000087700000, 0x0000000087700000| Untracked 
|  98|0x0000000087800000, 0x0000000087800000, 0x0000000087900000|  0%| F|  |TAMS 0x0000000087800000, 0x0000000087800000| Untracked 
|  99|0x0000000087900000, 0x0000000087900000, 0x0000000087a00000|  0%| F|  |TAMS 0x0000000087900000, 0x0000000087900000| Untracked 
| 100|0x0000000087a00000, 0x0000000087a00000, 0x0000000087b00000|  0%| F|  |TAMS 0x0000000087a00000, 0x0000000087a00000| Untracked 
| 101|0x0000000087b00000, 0x0000000087b00000, 0x0000000087c00000|  0%| F|  |TAMS 0x0000000087b00000, 0x0000000087b00000| Untracked 
| 102|0x0000000087c00000, 0x0000000087c00000, 0x0000000087d00000|  0%| F|  |TAMS 0x0000000087c00000, 0x0000000087c00000| Untracked 
| 103|0x0000000087d00000, 0x0000000087d00000, 0x0000000087e00000|  0%| F|  |TAMS 0x0000000087d00000, 0x0000000087d00000| Untracked 
| 104|0x0000000087e00000, 0x0000000087e00000, 0x0000000087f00000|  0%| F|  |TAMS 0x0000000087e00000, 0x0000000087e00000| Untracked 
| 105|0x0000000087f00000, 0x0000000087f00000, 0x0000000088000000|  0%| F|  |TAMS 0x0000000087f00000, 0x0000000087f00000| Untracked 
| 106|0x0000000088000000, 0x0000000088000000, 0x0000000088100000|  0%| F|  |TAMS 0x0000000088000000, 0x0000000088000000| Untracked 
| 107|0x0000000088100000, 0x0000000088100000, 0x0000000088200000|  0%| F|  |TAMS 0x0000000088100000, 0x0000000088100000| Untracked 
| 108|0x0000000088200000, 0x0000000088200000, 0x0000000088300000|  0%| F|  |TAMS 0x0000000088200000, 0x0000000088200000| Untracked 
| 109|0x0000000088300000, 0x0000000088300000, 0x0000000088400000|  0%| F|  |TAMS 0x0000000088300000, 0x0000000088300000| Untracked 
| 110|0x0000000088400000, 0x0000000088400000, 0x0000000088500000|  0%| F|  |TAMS 0x0000000088400000, 0x0000000088400000| Untracked 
| 111|0x0000000088500000, 0x0000000088500000, 0x0000000088600000|  0%| F|  |TAMS 0x0000000088500000, 0x0000000088500000| Untracked 
| 112|0x0000000088600000, 0x0000000088600000, 0x0000000088700000|  0%| F|  |TAMS 0x0000000088600000, 0x0000000088600000| Untracked 
| 113|0x0000000088700000, 0x0000000088700000, 0x0000000088800000|  0%| F|  |TAMS 0x0000000088700000, 0x0000000088700000| Untracked 
| 114|0x0000000088800000, 0x0000000088800000, 0x0000000088900000|  0%| F|  |TAMS 0x0000000088800000, 0x0000000088800000| Untracked 
| 115|0x0000000088900000, 0x0000000088900000, 0x0000000088a00000|  0%| F|  |TAMS 0x0000000088900000, 0x0000000088900000| Untracked 
| 116|0x0000000088a00000, 0x0000000088a00000, 0x0000000088b00000|  0%| F|  |TAMS 0x0000000088a00000, 0x0000000088a00000| Untracked 
| 117|0x0000000088b00000, 0x0000000088b00000, 0x0000000088c00000|  0%| F|  |TAMS 0x0000000088b00000, 0x0000000088b00000| Untracked 
| 118|0x0000000088c00000, 0x0000000088c00000, 0x0000000088d00000|  0%| F|  |TAMS 0x0000000088c00000, 0x0000000088c00000| Untracked 
| 119|0x0000000088d00000, 0x0000000088d00000, 0x0000000088e00000|  0%| F|  |TAMS 0x0000000088d00000, 0x0000000088d00000| Untracked 
| 120|0x0000000088e00000, 0x0000000088e00000, 0x0000000088f00000|  0%| F|  |TAMS 0x0000000088e00000, 0x0000000088e00000| Untracked 
| 121|0x0000000088f00000, 0x0000000088f00000, 0x0000000089000000|  0%| F|  |TAMS 0x0000000088f00000, 0x0000000088f00000| Untracked 
| 122|0x0000000089000000, 0x0000000089000000, 0x0000000089100000|  0%| F|  |TAMS 0x0000000089000000, 0x0000000089000000| Untracked 
| 123|0x0000000089100000, 0x0000000089100000, 0x0000000089200000|  0%| F|  |TAMS 0x0000000089100000, 0x0000000089100000| Untracked 
| 124|0x0000000089200000, 0x0000000089200000, 0x0000000089300000|  0%| F|  |TAMS 0x0000000089200000, 0x0000000089200000| Untracked 
| 125|0x0000000089300000, 0x0000000089300000, 0x0000000089400000|  0%| F|  |TAMS 0x0000000089300000, 0x0000000089300000| Untracked 
| 126|0x0000000089400000, 0x0000000089400000, 0x0000000089500000|  0%| F|  |TAMS 0x0000000089400000, 0x0000000089400000| Untracked 
| 127|0x0000000089500000, 0x0000000089500000, 0x0000000089600000|  0%| F|  |TAMS 0x0000000089500000, 0x0000000089500000| Untracked 
| 128|0x0000000089600000, 0x0000000089600000, 0x0000000089700000|  0%| F|  |TAMS 0x0000000089600000, 0x0000000089600000| Untracked 
| 129|0x0000000089700000, 0x0000000089700000, 0x0000000089800000|  0%| F|  |TAMS 0x0000000089700000, 0x0000000089700000| Untracked 
| 130|0x0000000089800000, 0x0000000089800000, 0x0000000089900000|  0%| F|  |TAMS 0x0000000089800000, 0x0000000089800000| Untracked 
| 131|0x0000000089900000, 0x0000000089900000, 0x0000000089a00000|  0%| F|  |TAMS 0x0000000089900000, 0x0000000089900000| Untracked 
| 132|0x0000000089a00000, 0x0000000089a00000, 0x0000000089b00000|  0%| F|  |TAMS 0x0000000089a00000, 0x0000000089a00000| Untracked 
| 133|0x0000000089b00000, 0x0000000089b00000, 0x0000000089c00000|  0%| F|  |TAMS 0x0000000089b00000, 0x0000000089b00000| Untracked 
| 134|0x0000000089c00000, 0x0000000089d00000, 0x0000000089d00000|100%| E|  |TAMS 0x0000000089c00000, 0x0000000089c00000| Complete 
| 135|0x0000000089d00000, 0x0000000089e00000, 0x0000000089e00000|100%| E|CS|TAMS 0x0000000089d00000, 0x0000000089d00000| Complete 
| 136|0x0000000089e00000, 0x0000000089f00000, 0x0000000089f00000|100%| E|CS|TAMS 0x0000000089e00000, 0x0000000089e00000| Complete 
| 137|0x0000000089f00000, 0x000000008a000000, 0x000000008a000000|100%| E|CS|TAMS 0x0000000089f00000, 0x0000000089f00000| Complete 
| 138|0x000000008a000000, 0x000000008a100000, 0x000000008a100000|100%| E|CS|TAMS 0x000000008a000000, 0x000000008a000000| Complete 
| 139|0x000000008a100000, 0x000000008a200000, 0x000000008a200000|100%| E|CS|TAMS 0x000000008a100000, 0x000000008a100000| Complete 
| 140|0x000000008a200000, 0x000000008a300000, 0x000000008a300000|100%| E|CS|TAMS 0x000000008a200000, 0x000000008a200000| Complete 
| 141|0x000000008a300000, 0x000000008a400000, 0x000000008a400000|100%| E|CS|TAMS 0x000000008a300000, 0x000000008a300000| Complete 
| 142|0x000000008a400000, 0x000000008a500000, 0x000000008a500000|100%| E|CS|TAMS 0x000000008a400000, 0x000000008a400000| Complete 
| 143|0x000000008a500000, 0x000000008a600000, 0x000000008a600000|100%| E|CS|TAMS 0x000000008a500000, 0x000000008a500000| Complete 
| 144|0x000000008a600000, 0x000000008a700000, 0x000000008a700000|100%| E|CS|TAMS 0x000000008a600000, 0x000000008a600000| Complete 
| 145|0x000000008a700000, 0x000000008a800000, 0x000000008a800000|100%| E|CS|TAMS 0x000000008a700000, 0x000000008a700000| Complete 
| 146|0x000000008a800000, 0x000000008a900000, 0x000000008a900000|100%| E|CS|TAMS 0x000000008a800000, 0x000000008a800000| Complete 
| 147|0x000000008a900000, 0x000000008aa00000, 0x000000008aa00000|100%| E|CS|TAMS 0x000000008a900000, 0x000000008a900000| Complete 
| 148|0x000000008aa00000, 0x000000008ab00000, 0x000000008ab00000|100%| E|CS|TAMS 0x000000008aa00000, 0x000000008aa00000| Complete 
| 149|0x000000008ab00000, 0x000000008ac00000, 0x000000008ac00000|100%| E|CS|TAMS 0x000000008ab00000, 0x000000008ab00000| Complete 
| 150|0x000000008ac00000, 0x000000008ad00000, 0x000000008ad00000|100%| E|CS|TAMS 0x000000008ac00000, 0x000000008ac00000| Complete 
| 151|0x000000008ad00000, 0x000000008ae00000, 0x000000008ae00000|100%| E|CS|TAMS 0x000000008ad00000, 0x000000008ad00000| Complete 
| 152|0x000000008ae00000, 0x000000008af00000, 0x000000008af00000|100%| E|CS|TAMS 0x000000008ae00000, 0x000000008ae00000| Complete 
| 153|0x000000008af00000, 0x000000008b000000, 0x000000008b000000|100%| E|CS|TAMS 0x000000008af00000, 0x000000008af00000| Complete 

Card table byte_map: [0x0000023fc3470000,0x0000023fc3870000] _byte_map_base: 0x0000023fc3065000

Marking Bits (Prev, Next): (CMBitMap*) 0x0000023fae798610, (CMBitMap*) 0x0000023fae7985d8
 Prev Bits: [0x0000023fc5c20000, 0x0000023fc7bc8000)
 Next Bits: [0x0000023fc3c70000, 0x0000023fc5c18000)

Polling page: 0x0000023fae840000

Metaspace:

Usage:
  Non-class:     42.58 MB capacity,    42.17 MB (>99%) used,   341.94 KB ( <1%) free+waste,    73.75 KB ( <1%) overhead. 
      Class:      5.75 MB capacity,     5.53 MB ( 96%) used,   195.13 KB (  3%) free+waste,    33.06 KB ( <1%) overhead. 
       Both:     48.33 MB capacity,    47.70 MB ( 99%) used,   537.07 KB (  1%) free+waste,   106.81 KB ( <1%) overhead. 

Virtual space:
  Non-class space:       44.00 MB reserved,      42.71 MB ( 97%) committed 
      Class space:        1.00 GB reserved,       5.82 MB ( <1%) committed 
             Both:        1.04 GB reserved,      48.53 MB (  5%) committed 

Chunk freelists:
   Non-Class:  4.00 KB
       Class:  0 bytes
        Both:  4.00 KB

MaxMetaspaceSize: 17179869184.00 GB
CompressedClassSpaceSize: 1.00 GB
Initial GC threshold: 20.80 MB
Current GC threshold: 75.05 MB
CDS: off

CodeHeap 'non-profiled nmethods': size=120064Kb used=2038Kb max_used=2038Kb free=118025Kb
 bounds [0x0000023fbb500000, 0x0000023fbb770000, 0x0000023fc2a40000]
CodeHeap 'profiled nmethods': size=120000Kb used=9451Kb max_used=9451Kb free=110548Kb
 bounds [0x0000023fb3fd0000, 0x0000023fb4910000, 0x0000023fbb500000]
CodeHeap 'non-nmethods': size=5696Kb used=1259Kb max_used=1336Kb free=4436Kb
 bounds [0x0000023fb3a40000, 0x0000023fb3cb0000, 0x0000023fb3fd0000]
 total_blobs=4836 nmethods=4302 adapters=446
 compilation: enabled
              stopped_count=0, restarted_count=0
 full_count=0

Compilation events (20 events):
Event: 7.315 Thread 0x0000023fca251800 nmethod 4290 0x0000023fbb6f6690 code [0x0000023fbb6f6840, 0x0000023fbb6f68f8]
Event: 7.315 Thread 0x0000023fca251800 4291       1       org.jetbrains.kotlin.load.kotlin.KotlinBinaryClassCache$RequestCache::getVirtualFile$frontend_java (5 bytes)
Event: 7.315 Thread 0x0000023fca251800 nmethod 4291 0x0000023fbb6f6990 code [0x0000023fbb6f6b40, 0x0000023fbb6f6bf8]
Event: 7.316 Thread 0x0000023fca251800 4292       3       java.util.concurrent.atomic.AtomicBoolean::<init> (18 bytes)
Event: 7.316 Thread 0x0000023fca251800 nmethod 4292 0x0000023fb48e0490 code [0x0000023fb48e0640, 0x0000023fb48e07f8]
Event: 7.318 Thread 0x0000023fca251800 4293       1       org.jetbrains.kotlin.load.java.lazy.descriptors.JvmPackageScope::access$getPackageFragment$p (5 bytes)
Event: 7.318 Thread 0x0000023fca251800 nmethod 4293 0x0000023fbb6f6c90 code [0x0000023fbb6f6e40, 0x0000023fbb6f6ed8]
Event: 7.318 Thread 0x0000023fca251800 4294       1       org.jetbrains.kotlin.load.java.lazy.descriptors.LazyJavaPackageFragment::access$getC$p (5 bytes)
Event: 7.318 Thread 0x0000023fca251800 nmethod 4294 0x0000023fbb6f6f90 code [0x0000023fbb6f7140, 0x0000023fbb6f71d8]
Event: 7.319 Thread 0x0000023fca251800 4295       3       org.jetbrains.kotlin.com.intellij.openapi.vfs.impl.jar.CoreJarVirtualFile::contentsToByteArray (32 bytes)
Event: 7.320 Thread 0x0000023fca251800 nmethod 4295 0x0000023fb48e0890 code [0x0000023fb48e0a80, 0x0000023fb48e0e18]
Event: 7.333 Thread 0x0000023fca251800 4296       3       org.jetbrains.kotlin.load.kotlin.FileBasedKotlinClass$3::visit (65 bytes)
Event: 7.335 Thread 0x0000023fca251800 nmethod 4296 0x0000023fb48e0f90 code [0x0000023fb48e1240, 0x0000023fb48e1e58]
Event: 7.339 Thread 0x0000023fca251800 4297       3       org.jetbrains.kotlin.cli.jvm.compiler.CliVirtualFileFinder::findBinaryClass (74 bytes)
Event: 7.340 Thread 0x0000023fca251800 nmethod 4297 0x0000023fb48e2210 code [0x0000023fb48e2420, 0x0000023fb48e2af8]
Event: 7.340 Thread 0x0000023fca251800 4298       3       org.jetbrains.kotlin.cli.jvm.index.JavaRoot$RootTypes::getOnlyBinary (4 bytes)
Event: 7.340 Thread 0x0000023fca251800 nmethod 4298 0x0000023fb48e2d90 code [0x0000023fb48e2f40, 0x0000023fb48e3098]
Event: 7.346 Thread 0x0000023fca251800 4299       3       org.jetbrains.kotlin.load.kotlin.FileBasedKotlinClass$3$1::visit (52 bytes)
Event: 7.347 Thread 0x0000023fca251800 nmethod 4299 0x0000023fb48e3190 code [0x0000023fb48e33c0, 0x0000023fb48e3d78]
Event: 7.364 Thread 0x0000023fcb341000 nmethod 4263 0x0000023fbb6f7290 code [0x0000023fbb6f7580, 0x0000023fbb6f8a58]

GC Heap History (10 events):
Event: 0.545 GC heap before
{Heap before GC invocations=0 (full 0):
 garbage-first heap   total 131072K, used 17408K [0x0000000081600000, 0x0000000100000000)
  region size 1024K, 14 young (14336K), 0 survivors (0K)
 Metaspace       used 9737K, capacity 9839K, committed 10112K, reserved 1058816K
  class space    used 820K, capacity 852K, committed 896K, reserved 1048576K
}
Event: 0.549 GC heap after
{Heap after GC invocations=1 (full 0):
 garbage-first heap   total 131072K, used 5581K [0x0000000081600000, 0x0000000100000000)
  region size 1024K, 2 young (2048K), 2 survivors (2048K)
 Metaspace       used 9737K, capacity 9839K, committed 10112K, reserved 1058816K
  class space    used 820K, capacity 852K, committed 896K, reserved 1048576K
}
Event: 1.611 GC heap before
{Heap before GC invocations=1 (full 0):
 garbage-first heap   total 131072K, used 52685K [0x0000000081600000, 0x0000000100000000)
  region size 1024K, 49 young (50176K), 2 survivors (2048K)
 Metaspace       used 20991K, capacity 21194K, committed 21248K, reserved 1069056K
  class space    used 2218K, capacity 2297K, committed 2304K, reserved 1048576K
}
Event: 1.626 GC heap after
{Heap after GC invocations=2 (full 0):
 garbage-first heap   total 131072K, used 9627K [0x0000000081600000, 0x0000000100000000)
  region size 1024K, 6 young (6144K), 6 survivors (6144K)
 Metaspace       used 20991K, capacity 21194K, committed 21248K, reserved 1069056K
  class space    used 2218K, capacity 2297K, committed 2304K, reserved 1048576K
}
Event: 3.178 GC heap before
{Heap before GC invocations=3 (full 0):
 garbage-first heap   total 131072K, used 64923K [0x0000000081600000, 0x0000000100000000)
  region size 1024K, 52 young (53248K), 6 survivors (6144K)
 Metaspace       used 30013K, capacity 30403K, committed 30588K, reserved 1077248K
  class space    used 3514K, capacity 3674K, committed 3708K, reserved 1048576K
}
Event: 3.204 GC heap after
{Heap after GC invocations=4 (full 0):
 garbage-first heap   total 131072K, used 22653K [0x0000000081600000, 0x0000000100000000)
  region size 1024K, 7 young (7168K), 7 survivors (7168K)
 Metaspace       used 30013K, capacity 30403K, committed 30588K, reserved 1077248K
  class space    used 3514K, capacity 3674K, committed 3708K, reserved 1048576K
}
Event: 4.097 GC heap before
{Heap before GC invocations=4 (full 0):
 garbage-first heap   total 131072K, used 55421K [0x0000000081600000, 0x0000000100000000)
  region size 1024K, 36 young (36864K), 7 survivors (7168K)
 Metaspace       used 35492K, capacity 35914K, committed 36048K, reserved 1081344K
  class space    used 4120K, capacity 4294K, committed 4348K, reserved 1048576K
}
Event: 4.113 GC heap after
{Heap after GC invocations=5 (full 0):
 garbage-first heap   total 131072K, used 25327K [0x0000000081600000, 0x0000000100000000)
  region size 1024K, 3 young (3072K), 3 survivors (3072K)
 Metaspace       used 35492K, capacity 35914K, committed 36048K, reserved 1081344K
  class space    used 4120K, capacity 4294K, committed 4348K, reserved 1048576K
}
Event: 5.935 GC heap before
{Heap before GC invocations=6 (full 0):
 garbage-first heap   total 131072K, used 81647K [0x0000000081600000, 0x0000000100000000)
  region size 1024K, 56 young (57344K), 3 survivors (3072K)
 Metaspace       used 45244K, capacity 45760K, committed 45852K, reserved 1089536K
  class space    used 5246K, capacity 5434K, committed 5448K, reserved 1048576K
}
Event: 5.983 GC heap after
{Heap after GC invocations=7 (full 0):
 garbage-first heap   total 157696K, used 33792K [0x0000000081600000, 0x0000000100000000)
  region size 1024K, 7 young (7168K), 7 survivors (7168K)
 Metaspace       used 45244K, capacity 45760K, committed 45852K, reserved 1089536K
  class space    used 5246K, capacity 5434K, committed 5448K, reserved 1048576K
}

Deoptimization events (20 events):
Event: 6.990 Thread 0x0000023fae758800 DEOPT PACKING pc=0x0000023fbb6d8250 sp=0x000000c892efc9a0
Event: 6.990 Thread 0x0000023fae758800 DEOPT UNPACKING pc=0x0000023fb3a8a1af sp=0x000000c892efc8f0 mode 2
Event: 6.990 Thread 0x0000023fae758800 Uncommon trap: trap_request=0xffffffde fr.pc=0x0000023fbb6d8250 relative=0x0000000000000290
Event: 6.990 Thread 0x0000023fae758800 Uncommon trap: reason=class_check action=maybe_recompile pc=0x0000023fbb6d8250 method=org.jetbrains.kotlin.com.intellij.psi.impl.source.tree.TreeElement.getCachedFile(Lorg/jetbrains/kotlin/com/intellij/psi/impl/source/tree/TreeElement;)Lorg/jetbrains/kotl
Event: 6.990 Thread 0x0000023fae758800 DEOPT PACKING pc=0x0000023fbb6d8250 sp=0x000000c892efc9a0
Event: 6.990 Thread 0x0000023fae758800 DEOPT UNPACKING pc=0x0000023fb3a8a1af sp=0x000000c892efc8f0 mode 2
Event: 6.990 Thread 0x0000023fae758800 Uncommon trap: trap_request=0xffffffde fr.pc=0x0000023fbb6d8250 relative=0x0000000000000290
Event: 6.990 Thread 0x0000023fae758800 Uncommon trap: reason=class_check action=maybe_recompile pc=0x0000023fbb6d8250 method=org.jetbrains.kotlin.com.intellij.psi.impl.source.tree.TreeElement.getCachedFile(Lorg/jetbrains/kotlin/com/intellij/psi/impl/source/tree/TreeElement;)Lorg/jetbrains/kotl
Event: 6.990 Thread 0x0000023fae758800 DEOPT PACKING pc=0x0000023fbb6d8250 sp=0x000000c892efc9a0
Event: 6.990 Thread 0x0000023fae758800 DEOPT UNPACKING pc=0x0000023fb3a8a1af sp=0x000000c892efc8f0 mode 2
Event: 7.045 Thread 0x0000023fae758800 Uncommon trap: trap_request=0xffffff4d fr.pc=0x0000023fbb6d8d74 relative=0x0000000000000134
Event: 7.045 Thread 0x0000023fae758800 Uncommon trap: reason=unstable_if action=reinterpret pc=0x0000023fbb6d8d74 method=org.jetbrains.kotlin.com.intellij.util.keyFMap.ArrayBackedFMap.indexOf(I)I @ 8 c2
Event: 7.045 Thread 0x0000023fae758800 DEOPT PACKING pc=0x0000023fbb6d8d74 sp=0x000000c892efd120
Event: 7.045 Thread 0x0000023fae758800 DEOPT UNPACKING pc=0x0000023fb3a8a1af sp=0x000000c892efd038 mode 2
Event: 7.272 Thread 0x0000023fae758800 Uncommon trap: trap_request=0xffffff4d fr.pc=0x0000023fbb69ff6c relative=0x000000000000004c
Event: 7.272 Thread 0x0000023fae758800 Uncommon trap: reason=unstable_if action=reinterpret pc=0x0000023fbb69ff6c method=org.jetbrains.kotlin.protobuf.CodedOutputStream.computeRawVarint32Size(I)I @ 14 c2
Event: 7.272 Thread 0x0000023fae758800 DEOPT PACKING pc=0x0000023fbb69ff6c sp=0x000000c892efc1b0
Event: 7.272 Thread 0x0000023fae758800 DEOPT UNPACKING pc=0x0000023fb3a8a1af sp=0x000000c892efc148 mode 2
Event: 7.315 Thread 0x0000023fae758800 DEOPT PACKING pc=0x0000023fb458f87f sp=0x000000c892efce40
Event: 7.315 Thread 0x0000023fae758800 DEOPT UNPACKING pc=0x0000023fb3a8a95e sp=0x000000c892efc290 mode 0

Classes redefined (0 events):
No events

Internal exceptions (20 events):
Event: 1.882 Thread 0x0000023fae758800 Exception <a 'java/lang/NoSuchMethodError'{0x0000000088c533e8}: 'java.lang.Object java.lang.invoke.DirectMethodHandle$Holder.invokeStatic(java.lang.Object, java.lang.Object, java.lang.Object, java.lang.Object, java.lang.Object, java.lang.Object, java.lang.Object, java.lang.Object, java.lang.Object, java.lang.Object, java.lang.Object, java.lang.Object, java.lang.Object, java.lang.Object, java.lang.Object, java.lang.Object)'> (0x0000000088c533e8) thrown at [./src/hotspot/share/interpreter/linkResolver.cpp, l
Event: 1.884 Thread 0x0000023fae758800 Exception <a 'java/lang/NoSuchMethodError'{0x0000000088c61300}: 'java.lang.Object java.lang.invoke.DirectMethodHandle$Holder.invokeSpecial(java.lang.Object, java.lang.Object, int, int, java.lang.Object, java.lang.Object, java.lang.Object)'> (0x0000000088c61300) thrown at [./src/hotspot/share/interpreter/linkResolver.cpp, line 773]
Event: 1.884 Thread 0x0000023fae758800 Exception <a 'java/lang/NoSuchMethodError'{0x0000000088c64b38}: 'java.lang.Object java.lang.invoke.DelegatingMethodHandle$Holder.reinvoke_L(java.lang.Object, int, int, java.lang.Object, java.lang.Object, java.lang.Object)'> (0x0000000088c64b38) thrown at [./src/hotspot/share/interpreter/linkResolver.cpp, line 773]
Event: 1.885 Thread 0x0000023fae758800 Exception <a 'java/lang/NoSuchMethodError'{0x0000000088c68ec0}: 'java.lang.Object java.lang.invoke.DirectMethodHandle$Holder.invokeStatic(java.lang.Object, java.lang.Object, java.lang.Object, java.lang.Object, int)'> (0x0000000088c68ec0) thrown at [./src/hotspot/share/interpreter/linkResolver.cpp, line 773]
Event: 1.939 Thread 0x0000023fae758800 Implicit null exception at 0x0000023fbb59722c to 0x0000023fbb5973da
Event: 1.995 Thread 0x0000023fae758800 Exception <a 'java/lang/NoSuchMethodError'{0x00000000887ccf48}: 'void java.lang.invoke.DirectMethodHandle$Holder.invokeStatic(java.lang.Object, java.lang.Object, java.lang.Object, java.lang.Object)'> (0x00000000887ccf48) thrown at [./src/hotspot/share/interpreter/linkResolver.cpp, line 773]
Event: 2.016 Thread 0x0000023fae758800 Exception <a 'java/lang/NoSuchMethodError'{0x000000008851bd00}: 'void java.lang.invoke.DirectMethodHandle$Holder.invokeSpecial(java.lang.Object, java.lang.Object)'> (0x000000008851bd00) thrown at [./src/hotspot/share/interpreter/linkResolver.cpp, line 773]
Event: 2.054 Thread 0x0000023fae758800 Exception <a 'java/lang/NoSuchMethodError'{0x00000000883bf758}: 'void java.lang.invoke.DirectMethodHandle$Holder.invokeStaticInit(java.lang.Object, java.lang.Object)'> (0x00000000883bf758) thrown at [./src/hotspot/share/interpreter/linkResolver.cpp, line 773]
Event: 2.063 Thread 0x0000023fae758800 Exception <a 'java/lang/NoSuchMethodError'{0x00000000883fdb50}: 'void java.lang.invoke.DirectMethodHandle$Holder.invokeInterface(java.lang.Object, java.lang.Object)'> (0x00000000883fdb50) thrown at [./src/hotspot/share/interpreter/linkResolver.cpp, line 773]
Event: 2.169 Thread 0x0000023fae758800 Exception <a 'java/lang/NoSuchMethodError'{0x0000000087ece060}: 'void java.lang.invoke.DirectMethodHandle$Holder.invokeVirtual(java.lang.Object, java.lang.Object)'> (0x0000000087ece060) thrown at [./src/hotspot/share/interpreter/linkResolver.cpp, line 773]
Event: 2.184 Thread 0x0000023fae758800 Exception <a 'java/lang/NoSuchMethodError'{0x0000000087d48138}: 'int java.lang.invoke.DirectMethodHandle$Holder.invokeVirtual(java.lang.Object, java.lang.Object)'> (0x0000000087d48138) thrown at [./src/hotspot/share/interpreter/linkResolver.cpp, line 773]
Event: 3.306 Thread 0x0000023fae758800 Implicit null exception at 0x0000023fbb565b74 to 0x0000023fbb565d8c
Event: 3.307 Thread 0x0000023fae758800 Implicit null exception at 0x0000023fbb55e05e to 0x0000023fbb55e7ca
Event: 3.314 Thread 0x0000023fae758800 Implicit null exception at 0x0000023fbb542eaf to 0x0000023fbb542f1d
Event: 3.757 Thread 0x0000023fae758800 Exception <a 'java/lang/NoSuchMethodError'{0x0000000088431cc0}: 'java.lang.Object java.lang.invoke.DirectMethodHandle$Holder.invokeVirtual(java.lang.Object, java.lang.Object, java.lang.Object)'> (0x0000000088431cc0) thrown at [./src/hotspot/share/interpreter/linkResolver.cpp, line 773]
Event: 4.862 Thread 0x0000023fae758800 Exception <a 'java/lang/NoSuchMethodError'{0x0000000087956780}: 'java.lang.Object java.lang.invoke.Invokers$Holder.linkToTargetMethod(java.lang.Object, int, java.lang.Object)'> (0x0000000087956780) thrown at [./src/hotspot/share/interpreter/linkResolver.cpp, line 773]
Event: 6.153 Thread 0x0000023fae758800 Exception <a 'java/lang/NoSuchMethodError'{0x000000008ae9f128}: 'java.lang.Object java.lang.invoke.DirectMethodHandle$Holder.invokeStatic(java.lang.Object, java.lang.Object, java.lang.Object, int)'> (0x000000008ae9f128) thrown at [./src/hotspot/share/interpreter/linkResolver.cpp, line 773]
Event: 6.154 Thread 0x0000023fae758800 Exception <a 'java/lang/NoSuchMethodError'{0x000000008aea2d98}: 'java.lang.Object java.lang.invoke.DirectMethodHandle$Holder.invokeSpecial(java.lang.Object, java.lang.Object, java.lang.Object, java.lang.Object, int)'> (0x000000008aea2d98) thrown at [./src/hotspot/share/interpreter/linkResolver.cpp, line 773]
Event: 6.154 Thread 0x0000023fae758800 Exception <a 'java/lang/NoSuchMethodError'{0x000000008aea60a8}: 'java.lang.Object java.lang.invoke.Invokers$Holder.linkToTargetMethod(java.lang.Object, java.lang.Object, int, java.lang.Object)'> (0x000000008aea60a8) thrown at [./src/hotspot/share/interpreter/linkResolver.cpp, line 773]
Event: 6.738 Thread 0x0000023fae758800 Implicit null exception at 0x0000023fbb663ff0 to 0x0000023fbb6640f8

Events (20 events):
Event: 7.038 loading class org/jetbrains/kotlin/com/intellij/util/containers/ConcurrentWeakKeyWeakValueHashMap
Event: 7.038 loading class org/jetbrains/kotlin/com/intellij/util/containers/ConcurrentWeakKeyWeakValueHashMap done
Event: 7.038 loading class org/jetbrains/kotlin/com/intellij/openapi/util/Ref
Event: 7.038 loading class org/jetbrains/kotlin/com/intellij/openapi/util/Ref done
Event: 7.038 loading class org/jetbrains/kotlin/com/intellij/psi/augment/PsiAugmentProvider
Event: 7.038 loading class org/jetbrains/kotlin/com/intellij/psi/augment/PsiAugmentProvider done
Event: 7.039 loading class org/jetbrains/kotlin/com/intellij/openapi/util/Ref
Event: 7.039 loading class org/jetbrains/kotlin/com/intellij/openapi/util/Ref done
Event: 7.039 loading class java/util/ComparableTimSort
Event: 7.039 loading class java/util/ComparableTimSort done
Event: 7.041 loading class org/jetbrains/kotlin/com/intellij/util/containers/ConcurrentWeakKeyWeakValueHashMap$WeakValue
Event: 7.041 loading class org/jetbrains/kotlin/com/intellij/util/containers/ConcurrentWeakKeyWeakValueHashMap$WeakValue done
Event: 7.041 loading class org/jetbrains/kotlin/com/intellij/psi/PsiClassLevelDeclarationStatement
Event: 7.041 loading class org/jetbrains/kotlin/com/intellij/psi/PsiClassLevelDeclarationStatement done
Event: 7.260 loading class org/jetbrains/kotlin/resolve/AllUnderImportScope
Event: 7.260 loading class org/jetbrains/kotlin/resolve/AllUnderImportScope done
Event: 7.261 loading class org/jetbrains/kotlin/resolve/AllUnderImportScope$Companion
Event: 7.261 loading class org/jetbrains/kotlin/resolve/AllUnderImportScope$Companion done
Event: 7.269 loading class org/jetbrains/kotlin/serialization/deserialization/MemberDeserializer$valueParameters$1$annotations$1
Event: 7.269 loading class org/jetbrains/kotlin/serialization/deserialization/MemberDeserializer$valueParameters$1$annotations$1 done


Dynamic libraries:
0x00007ff779590000 - 0x00007ff77959a000 	C:\Program Files\Android\Android Studio\jre\bin\java.exe
0x00007ffa6dd50000 - 0x00007ffa6df45000 	C:\WINDOWS\SYSTEM32\ntdll.dll
0x00007ffa6c970000 - 0x00007ffa6ca2d000 	C:\WINDOWS\System32\KERNEL32.DLL
0x00007ffa6b4f0000 - 0x00007ffa6b7b8000 	C:\WINDOWS\System32\KERNELBASE.dll
0x00007ffa6bcc0000 - 0x00007ffa6bdc0000 	C:\WINDOWS\System32\ucrtbase.dll
0x00007ffa65dc0000 - 0x00007ffa65dd9000 	C:\Program Files\Android\Android Studio\jre\bin\jli.dll
0x00007ffa657e0000 - 0x00007ffa657f7000 	C:\Program Files\Android\Android Studio\jre\bin\VCRUNTIME140.dll
0x00007ffa6daa0000 - 0x00007ffa6dc40000 	C:\WINDOWS\System32\USER32.dll
0x00007ffa6b490000 - 0x00007ffa6b4b2000 	C:\WINDOWS\System32\win32u.dll
0x00007ffa5f670000 - 0x00007ffa5f90a000 	C:\WINDOWS\WinSxS\amd64_microsoft.windows.common-controls_6595b64144ccf1df_6.0.19041.1052_none_60b8f8fd71f5e8cb\COMCTL32.dll
0x00007ffa6d8e0000 - 0x00007ffa6d90a000 	C:\WINDOWS\System32\GDI32.dll
0x00007ffa6b900000 - 0x00007ffa6ba0b000 	C:\WINDOWS\System32\gdi32full.dll
0x00007ffa6d4d0000 - 0x00007ffa6d56e000 	C:\WINDOWS\System32\msvcrt.dll
0x00007ffa6bb70000 - 0x00007ffa6bc0d000 	C:\WINDOWS\System32\msvcp_win.dll
0x00007ffa6d050000 - 0x00007ffa6d080000 	C:\WINDOWS\System32\IMM32.DLL
0x00007ffa3ca70000 - 0x00007ffa3cb0d000 	C:\Program Files\Android\Android Studio\jre\bin\msvcp140.dll
0x00007ffa31e00000 - 0x00007ffa328e5000 	C:\Program Files\Android\Android Studio\jre\bin\server\jvm.dll
0x00007ffa6d570000 - 0x00007ffa6d61c000 	C:\WINDOWS\System32\ADVAPI32.dll
0x00007ffa6c050000 - 0x00007ffa6c0eb000 	C:\WINDOWS\System32\sechost.dll
0x00007ffa6c840000 - 0x00007ffa6c96b000 	C:\WINDOWS\System32\RPCRT4.dll
0x00007ffa6d160000 - 0x00007ffa6d168000 	C:\WINDOWS\System32\PSAPI.DLL
0x00007ffa5ca80000 - 0x00007ffa5caa7000 	C:\WINDOWS\SYSTEM32\WINMM.dll
0x00007ffa5d1a0000 - 0x00007ffa5d1aa000 	C:\WINDOWS\SYSTEM32\VERSION.dll
0x00007ffa67bd0000 - 0x00007ffa67bd9000 	C:\WINDOWS\SYSTEM32\WSOCK32.dll
0x00007ffa6d080000 - 0x00007ffa6d0eb000 	C:\WINDOWS\System32\WS2_32.dll
0x00007ffa693e0000 - 0x00007ffa693f2000 	C:\WINDOWS\SYSTEM32\kernel.appcore.dll
0x00007ffa66d60000 - 0x00007ffa66d71000 	C:\Program Files\Android\Android Studio\jre\bin\verify.dll
0x00007ffa57660000 - 0x00007ffa57844000 	C:\WINDOWS\SYSTEM32\DBGHELP.DLL
0x00007ffa55ff0000 - 0x00007ffa5601c000 	C:\WINDOWS\SYSTEM32\dbgcore.DLL
0x00007ffa6b7c0000 - 0x00007ffa6b843000 	C:\WINDOWS\System32\bcryptPrimitives.dll
0x00007ffa60390000 - 0x00007ffa603b9000 	C:\Program Files\Android\Android Studio\jre\bin\java.dll
0x00007ffa66df0000 - 0x00007ffa66dfb000 	C:\Program Files\Android\Android Studio\jre\bin\jimage.dll
0x00007ffa5fed0000 - 0x00007ffa5fee8000 	C:\Program Files\Android\Android Studio\jre\bin\zip.dll
0x00007ffa6c0f0000 - 0x00007ffa6c82f000 	C:\WINDOWS\System32\SHELL32.dll
0x00007ffa695e0000 - 0x00007ffa69d70000 	C:\WINDOWS\SYSTEM32\windows.storage.dll
0x00007ffa6d170000 - 0x00007ffa6d4c5000 	C:\WINDOWS\System32\combase.dll
0x00007ffa6af00000 - 0x00007ffa6af2c000 	C:\WINDOWS\SYSTEM32\Wldp.dll
0x00007ffa6bdc0000 - 0x00007ffa6be6e000 	C:\WINDOWS\System32\SHCORE.dll
0x00007ffa6d100000 - 0x00007ffa6d155000 	C:\WINDOWS\System32\shlwapi.dll
0x00007ffa6b3d0000 - 0x00007ffa6b3ef000 	C:\WINDOWS\SYSTEM32\profapi.dll
0x00007ffa5feb0000 - 0x00007ffa5feca000 	C:\Program Files\Android\Android Studio\jre\bin\net.dll
0x00007ffa5cc50000 - 0x00007ffa5cd5b000 	C:\WINDOWS\SYSTEM32\WINHTTP.dll
0x00007ffa6ac70000 - 0x00007ffa6acda000 	C:\WINDOWS\system32\mswsock.dll
0x00007ffa5fe90000 - 0x00007ffa5fea4000 	C:\Program Files\Android\Android Studio\jre\bin\nio.dll

dbghelp: loaded successfully - version: 4.0.5 - missing functions: none
symbol engine: initialized successfully - sym options: 0x614 - pdb path: .;C:\Program Files\Android\Android Studio\jre\bin;C:\WINDOWS\SYSTEM32;C:\WINDOWS\WinSxS\amd64_microsoft.windows.common-controls_6595b64144ccf1df_6.0.19041.1052_none_60b8f8fd71f5e8cb;C:\Program Files\Android\Android Studio\jre\bin\server

VM Arguments:
java_command: org.jetbrains.kotlin.cli.jvm.K2JVMCompiler @C:\Users\rsw14\Documents\ThreeFun_Android\retrofit\app\build\20220522_15946075569996633684.compiler.options
java_class_path (initial): C:\Users\rsw14\.gradle\caches\modules-2\files-2.1\org.jetbrains.kotlin\kotlin-compiler-embeddable\1.5.0\6e53e0ca3cf7eff1a4df71171c8f9604b983e1d6\kotlin-compiler-embeddable-1.5.0.jar;C:\Users\rsw14\.gradle\caches\modules-2\files-2.1\org.jetbrains.kotlin\kotlin-reflect\1.5.0\47806fe8ed30dbdf9e697eda5e9c9a3905ff3363\kotlin-reflect-1.5.0.jar;C:\Users\rsw14\.gradle\caches\modules-2\files-2.1\org.jetbrains.kotlin\kotlin-stdlib\1.5.0\29dae2501ca094416d15af0e21470cb634780444\kotlin-stdlib-1.5.0.jar;C:\Users\rsw14\.gradle\caches\modules-2\files-2.1\org.jetbrains.kotlin\kotlin-script-runtime\1.5.0\a2d66828077376fc1851a6fdbf25865935f4101d\kotlin-script-runtime-1.5.0.jar;C:\Users\rsw14\.gradle\caches\modules-2\files-2.1\org.jetbrains.kotlin\kotlin-daemon-embeddable\1.5.0\7f3567acfef59ff865a99a584d814bde87226dd5\kotlin-daemon-embeddable-1.5.0.jar;C:\Users\rsw14\.gradle\caches\modules-2\files-2.1\org.jetbrains.intellij.deps\trove4j\1.0.20181211\216c2e14b070f334479d800987affe4054cd563f\trove4j-1.0.20181211.jar;C:\Users\rsw14\.gradle\caches\modules-2\files-2.1\org.jetbrains\annotations\13.0\919f0dfe192fb4e063e7dacadee7f8bb9a2672a9\annotations-13.0.jar;C:\Users\rsw14\.gradle\caches\modules-2\files-2.1\org.jetbrains.kotlin\kotlin-stdlib-common\1.5.0\4080d69efca5e39e9b4972f125e40f1607bd6460\kotlin-stdlib-common-1.5.0.jar
Launcher Type: SUN_STANDARD

[Global flags]
     intx CICompilerCount                          = 3                                         {product} {ergonomic}
     uint ConcGCThreads                            = 1                                         {product} {ergonomic}
     uint G1ConcRefinementThreads                  = 4                                         {product} {ergonomic}
   size_t G1HeapRegionSize                         = 1048576                                   {product} {ergonomic}
    uintx GCDrainStackTargetSize                   = 64                                        {product} {ergonomic}
   size_t InitialHeapSize                          = 134217728                                 {product} {ergonomic}
   size_t MarkStackSize                            = 4194304                                   {product} {ergonomic}
   size_t MaxHeapSize                              = 2124414976                                {product} {ergonomic}
   size_t MaxNewSize                               = 1274019840                                {product} {ergonomic}
   size_t MinHeapDeltaBytes                        = 1048576                                   {product} {ergonomic}
    uintx NonNMethodCodeHeapSize                   = 5830732                                {pd product} {ergonomic}
    uintx NonProfiledCodeHeapSize                  = 122913754                              {pd product} {ergonomic}
    uintx ProfiledCodeHeapSize                     = 122913754                              {pd product} {ergonomic}
    uintx ReservedCodeCacheSize                    = 251658240                              {pd product} {ergonomic}
     bool SegmentedCodeCache                       = true                                      {product} {ergonomic}
     bool UseCompressedClassPointers               = true                                 {lp64_product} {ergonomic}
     bool UseCompressedOops                        = true                                 {lp64_product} {ergonomic}
     bool UseG1GC                                  = true                                      {product} {ergonomic}
     bool UseLargePagesIndividualAllocation        = false                                  {pd product} {ergonomic}

Logging:
Log output configuration:
 #0: stdout all=warning uptime,level,tags
 #1: stderr all=off uptime,level,tags

Environment Variables:
PATH=C:\WINDOWS\system32;C:\WINDOWS;C:\WINDOWS\System32\Wbem;C:\WINDOWS\System32\WindowsPowerShell\v1.0\;C:\WINDOWS\System32\OpenSSH\;C:\Program Files\Bandizip\;C:\Program Files\Git\cmd;C:\Users\rsw14\AppData\Local\Microsoft\WindowsApps;
USERNAME=rsw14
OS=Windows_NT
PROCESSOR_IDENTIFIER=Intel64 Family 6 Model 69 Stepping 1, GenuineIntel



---------------  S Y S T E M  ---------------

OS: Windows 10 , 64 bit Build 19041 (10.0.19041.1023)
OS uptime: 1 days 11:59 hours

CPU:total 4 (initial active 4) (2 cores per cpu, 2 threads per core) family 6 model 69 stepping 1 microcode 0x26, cmov, cx8, fxsr, mmx, sse, sse2, sse3, ssse3, sse4.1, sse4.2, popcnt, avx, avx2, aes, clmul, erms, lzcnt, ht, tsc, tscinvbit, bmi1, bmi2, fma

Memory: 4k page, system-wide physical 8099M (501M free)
TotalPageFile size 32675M (AvailPageFile size 3M)
current process WorkingSet (physical memory assigned to process): 262M, peak: 262M
current process commit charge ("private bytes"): 337M, peak: 339M

vm_info: OpenJDK 64-Bit Server VM (11.0.12+7-b1504.28-7817840) for windows-amd64 JRE (11.0.12+7-b1504.28-7817840), built on Oct 13 2021 22:12:33 by "builder" with MS VC++ 14.0 (VS2015)

END.
